CRITICAL - 2025-09-11 00:18:17 --> CodeIgniter\View\Exceptions\ViewException: Invalid file: "user/my_books.php"
[Method: GET, Route: my-books]
in SYSTEMPATH\Exceptions\FrameworkException.php on line 39.
 1 SYSTEMPATH\View\View.php(214): CodeIgniter\Exceptions\FrameworkException::forInvalidFile('user/my_books.php')
 2 SYSTEMPATH\Common.php(1167): CodeIgniter\View\View->render('user/my_books', [], true)
 3 APPPATH\Controllers\UserController.php(62): view('user/my_books', [...])
 4 SYSTEMPATH\CodeIgniter.php(933): App\Controllers\UserController->myBooks()
 5 SYSTEMPATH\CodeIgniter.php(507): CodeIgniter\CodeIgniter->runController(Object(App\Controllers\UserController))
 6 SYSTEMPATH\CodeIgniter.php(354): CodeIgniter\CodeIgniter->handleRequest(null, Object(Config\Cache), false)
 7 SYSTEMPATH\Boot.php(363): CodeIgniter\CodeIgniter->run()
 8 SYSTEMPATH\Boot.php(68): CodeIgniter\Boot::runCodeIgniter(Object(CodeIgniter\CodeIgniter))
 9 FCPATH\index.php(59): CodeIgniter\Boot::bootWeb(Object(Config\Paths))
10 SYSTEMPATH\rewrite.php(44): require_once('C:\\xampp\\htdocs\\Gestion-Bibliotheque\\public\\index.php')
CRITICAL - 2025-09-11 01:04:11 --> ErrorException: Undefined variable $page_title
[Method: GET, Route: dashboard]
in APPPATH\Views\user\dashboard.php on line 7.
 1 APPPATH\Views\user\dashboard.php(7): CodeIgniter\Debug\Exceptions->errorHandler(2, 'Undefined variable $page_title', 'C:\\xampp\\htdocs\\Gestion-Bibliotheque\\app\\Views\\user\\dashboard.php', 7)
 2 SYSTEMPATH\View\View.php(226): include('C:\\xampp\\htdocs\\Gestion-Bibliotheque\\app\\Views\\user\\dashboard.php')
 3 SYSTEMPATH\View\View.php(229): CodeIgniter\View\View->CodeIgniter\View\{closure}()
 4 SYSTEMPATH\Common.php(1167): CodeIgniter\View\View->render('user/dashboard', [], true)
 5 APPPATH\Controllers\UserController.php(25): view('user/dashboard', [...])
 6 SYSTEMPATH\CodeIgniter.php(933): App\Controllers\UserController->dashboard()
 7 SYSTEMPATH\CodeIgniter.php(507): CodeIgniter\CodeIgniter->runController(Object(App\Controllers\UserController))
 8 SYSTEMPATH\CodeIgniter.php(354): CodeIgniter\CodeIgniter->handleRequest(null, Object(Config\Cache), false)
 9 SYSTEMPATH\Boot.php(363): CodeIgniter\CodeIgniter->run()
10 SYSTEMPATH\Boot.php(68): CodeIgniter\Boot::runCodeIgniter(Object(CodeIgniter\CodeIgniter))
11 FCPATH\index.php(59): CodeIgniter\Boot::bootWeb(Object(Config\Paths))
12 SYSTEMPATH\rewrite.php(44): require_once('C:\\xampp\\htdocs\\Gestion-Bibliotheque\\public\\index.php')
CRITICAL - 2025-09-11 01:39:27 --> CodeIgniter\View\Exceptions\ViewException: Invalid file: "user/books.php"
[Method: GET, Route: books]
in SYSTEMPATH\Exceptions\FrameworkException.php on line 39.
 1 SYSTEMPATH\View\View.php(214): CodeIgniter\Exceptions\FrameworkException::forInvalidFile('user/books.php')
 2 SYSTEMPATH\Common.php(1167): CodeIgniter\View\View->render('user/books', [], true)
 3 APPPATH\Controllers\UserController.php(62): view('user/books', [...])
 4 SYSTEMPATH\CodeIgniter.php(933): App\Controllers\UserController->books()
 5 SYSTEMPATH\CodeIgniter.php(507): CodeIgniter\CodeIgniter->runController(Object(App\Controllers\UserController))
 6 SYSTEMPATH\CodeIgniter.php(354): CodeIgniter\CodeIgniter->handleRequest(null, Object(Config\Cache), false)
 7 SYSTEMPATH\Boot.php(363): CodeIgniter\CodeIgniter->run()
 8 SYSTEMPATH\Boot.php(68): CodeIgniter\Boot::runCodeIgniter(Object(CodeIgniter\CodeIgniter))
 9 FCPATH\index.php(59): CodeIgniter\Boot::bootWeb(Object(Config\Paths))
10 SYSTEMPATH\rewrite.php(44): require_once('C:\\xampp\\htdocs\\Gestion-Bibliotheque\\public\\index.php')
CRITICAL - 2025-09-11 01:39:40 --> CodeIgniter\View\Exceptions\ViewException: Invalid file: "user/books.php"
[Method: GET, Route: books]
in SYSTEMPATH\Exceptions\FrameworkException.php on line 39.
 1 SYSTEMPATH\View\View.php(214): CodeIgniter\Exceptions\FrameworkException::forInvalidFile('user/books.php')
 2 SYSTEMPATH\Common.php(1167): CodeIgniter\View\View->render('user/books', [], true)
 3 APPPATH\Controllers\UserController.php(62): view('user/books', [...])
 4 SYSTEMPATH\CodeIgniter.php(933): App\Controllers\UserController->books()
 5 SYSTEMPATH\CodeIgniter.php(507): CodeIgniter\CodeIgniter->runController(Object(App\Controllers\UserController))
 6 SYSTEMPATH\CodeIgniter.php(354): CodeIgniter\CodeIgniter->handleRequest(null, Object(Config\Cache), false)
 7 SYSTEMPATH\Boot.php(363): CodeIgniter\CodeIgniter->run()
 8 SYSTEMPATH\Boot.php(68): CodeIgniter\Boot::runCodeIgniter(Object(CodeIgniter\CodeIgniter))
 9 FCPATH\index.php(59): CodeIgniter\Boot::bootWeb(Object(Config\Paths))
10 SYSTEMPATH\rewrite.php(44): require_once('C:\\xampp\\htdocs\\Gestion-Bibliotheque\\public\\index.php')
CRITICAL - 2025-09-11 01:39:52 --> CodeIgniter\View\Exceptions\ViewException: Invalid file: "user/profile.php"
[Method: GET, Route: profile]
in SYSTEMPATH\Exceptions\FrameworkException.php on line 39.
 1 SYSTEMPATH\View\View.php(214): CodeIgniter\Exceptions\FrameworkException::forInvalidFile('user/profile.php')
 2 SYSTEMPATH\Common.php(1167): CodeIgniter\View\View->render('user/profile', [], true)
 3 APPPATH\Controllers\UserController.php(149): view('user/profile', [...])
 4 SYSTEMPATH\CodeIgniter.php(933): App\Controllers\UserController->profile()
 5 SYSTEMPATH\CodeIgniter.php(507): CodeIgniter\CodeIgniter->runController(Object(App\Controllers\UserController))
 6 SYSTEMPATH\CodeIgniter.php(354): CodeIgniter\CodeIgniter->handleRequest(null, Object(Config\Cache), false)
 7 SYSTEMPATH\Boot.php(363): CodeIgniter\CodeIgniter->run()
 8 SYSTEMPATH\Boot.php(68): CodeIgniter\Boot::runCodeIgniter(Object(CodeIgniter\CodeIgniter))
 9 FCPATH\index.php(59): CodeIgniter\Boot::bootWeb(Object(Config\Paths))
10 SYSTEMPATH\rewrite.php(44): require_once('C:\\xampp\\htdocs\\Gestion-Bibliotheque\\public\\index.php')
CRITICAL - 2025-09-11 01:40:54 --> CodeIgniter\View\Exceptions\ViewException: Invalid file: "user/my_books.php"
[Method: GET, Route: my-books]
in SYSTEMPATH\Exceptions\FrameworkException.php on line 39.
 1 SYSTEMPATH\View\View.php(214): CodeIgniter\Exceptions\FrameworkException::forInvalidFile('user/my_books.php')
 2 SYSTEMPATH\Common.php(1167): CodeIgniter\View\View->render('user/my_books', [], true)
 3 APPPATH\Controllers\UserController.php(175): view('user/my_books', [...])
 4 SYSTEMPATH\CodeIgniter.php(933): App\Controllers\UserController->myBooks()
 5 SYSTEMPATH\CodeIgniter.php(507): CodeIgniter\CodeIgniter->runController(Object(App\Controllers\UserController))
 6 SYSTEMPATH\CodeIgniter.php(354): CodeIgniter\CodeIgniter->handleRequest(null, Object(Config\Cache), false)
 7 SYSTEMPATH\Boot.php(363): CodeIgniter\CodeIgniter->run()
 8 SYSTEMPATH\Boot.php(68): CodeIgniter\Boot::runCodeIgniter(Object(CodeIgniter\CodeIgniter))
 9 FCPATH\index.php(59): CodeIgniter\Boot::bootWeb(Object(Config\Paths))
10 SYSTEMPATH\rewrite.php(44): require_once('C:\\xampp\\htdocs\\Gestion-Bibliotheque\\public\\index.php')
CRITICAL - 2025-09-11 02:27:57 --> ErrorException: Undefined array key "status"
[Method: GET, Route: books]
in APPPATH\Views\user\sidebar.php on line 9.
 1 APPPATH\Views\user\sidebar.php(9): CodeIgniter\Debug\Exceptions->errorHandler(2, 'Undefined array key "status"', 'C:\\xampp\\htdocs\\Gestion-Bibliotheque\\app\\Views\\user\\sidebar.php', 9)
 2 SYSTEMPATH\View\View.php(226): include('C:\\xampp\\htdocs\\Gestion-Bibliotheque\\app\\Views\\user\\sidebar.php')
 3 SYSTEMPATH\View\View.php(229): CodeIgniter\View\View->CodeIgniter\View\{closure}()
 4 SYSTEMPATH\View\View.php(475): CodeIgniter\View\View->render('user/sidebar', null, true)
 5 APPPATH\Views\user\books.php(7): CodeIgniter\View\View->include('user/sidebar')
 6 SYSTEMPATH\View\View.php(226): include('C:\\xampp\\htdocs\\Gestion-Bibliotheque\\app\\Views\\user\\books.php')
 7 SYSTEMPATH\View\View.php(229): CodeIgniter\View\View->CodeIgniter\View\{closure}()
 8 SYSTEMPATH\Common.php(1167): CodeIgniter\View\View->render('user/books', [], true)
 9 APPPATH\Controllers\UserController.php(62): view('user/books', [...])
10 SYSTEMPATH\CodeIgniter.php(933): App\Controllers\UserController->books()
11 SYSTEMPATH\CodeIgniter.php(507): CodeIgniter\CodeIgniter->runController(Object(App\Controllers\UserController))
12 SYSTEMPATH\CodeIgniter.php(354): CodeIgniter\CodeIgniter->handleRequest(null, Object(Config\Cache), false)
13 SYSTEMPATH\Boot.php(363): CodeIgniter\CodeIgniter->run()
14 SYSTEMPATH\Boot.php(68): CodeIgniter\Boot::runCodeIgniter(Object(CodeIgniter\CodeIgniter))
15 FCPATH\index.php(59): CodeIgniter\Boot::bootWeb(Object(Config\Paths))
16 SYSTEMPATH\rewrite.php(44): require_once('C:\\xampp\\htdocs\\Gestion-Bibliotheque\\public\\index.php')
CRITICAL - 2025-09-11 02:28:01 --> CodeIgniter\View\Exceptions\ViewException: Invalid file: "user/my_books.php"
[Method: GET, Route: my-books]
in SYSTEMPATH\Exceptions\FrameworkException.php on line 39.
 1 SYSTEMPATH\View\View.php(214): CodeIgniter\Exceptions\FrameworkException::forInvalidFile('user/my_books.php')
 2 SYSTEMPATH\Common.php(1167): CodeIgniter\View\View->render('user/my_books', [], true)
 3 APPPATH\Controllers\UserController.php(175): view('user/my_books', [...])
 4 SYSTEMPATH\CodeIgniter.php(933): App\Controllers\UserController->myBooks()
 5 SYSTEMPATH\CodeIgniter.php(507): CodeIgniter\CodeIgniter->runController(Object(App\Controllers\UserController))
 6 SYSTEMPATH\CodeIgniter.php(354): CodeIgniter\CodeIgniter->handleRequest(null, Object(Config\Cache), false)
 7 SYSTEMPATH\Boot.php(363): CodeIgniter\CodeIgniter->run()
 8 SYSTEMPATH\Boot.php(68): CodeIgniter\Boot::runCodeIgniter(Object(CodeIgniter\CodeIgniter))
 9 FCPATH\index.php(59): CodeIgniter\Boot::bootWeb(Object(Config\Paths))
10 SYSTEMPATH\rewrite.php(44): require_once('C:\\xampp\\htdocs\\Gestion-Bibliotheque\\public\\index.php')
CRITICAL - 2025-09-11 02:28:08 --> CodeIgniter\View\Exceptions\ViewException: Invalid file: "user/my_books.php"
[Method: GET, Route: my-books]
in SYSTEMPATH\Exceptions\FrameworkException.php on line 39.
 1 SYSTEMPATH\View\View.php(214): CodeIgniter\Exceptions\FrameworkException::forInvalidFile('user/my_books.php')
 2 SYSTEMPATH\Common.php(1167): CodeIgniter\View\View->render('user/my_books', [], true)
 3 APPPATH\Controllers\UserController.php(175): view('user/my_books', [...])
 4 SYSTEMPATH\CodeIgniter.php(933): App\Controllers\UserController->myBooks()
 5 SYSTEMPATH\CodeIgniter.php(507): CodeIgniter\CodeIgniter->runController(Object(App\Controllers\UserController))
 6 SYSTEMPATH\CodeIgniter.php(354): CodeIgniter\CodeIgniter->handleRequest(null, Object(Config\Cache), false)
 7 SYSTEMPATH\Boot.php(363): CodeIgniter\CodeIgniter->run()
 8 SYSTEMPATH\Boot.php(68): CodeIgniter\Boot::runCodeIgniter(Object(CodeIgniter\CodeIgniter))
 9 FCPATH\index.php(59): CodeIgniter\Boot::bootWeb(Object(Config\Paths))
10 SYSTEMPATH\rewrite.php(44): require_once('C:\\xampp\\htdocs\\Gestion-Bibliotheque\\public\\index.php')
CRITICAL - 2025-09-11 13:18:15 --> ErrorException: Undefined array key "status"
[Method: GET, Route: books]
in APPPATH\Views\user\sidebar.php on line 9.
 1 APPPATH\Views\user\sidebar.php(9): CodeIgniter\Debug\Exceptions->errorHandler(2, 'Undefined array key "status"', 'C:\\xampp\\htdocs\\Gestion-Bibliotheque\\app\\Views\\user\\sidebar.php', 9)
 2 SYSTEMPATH\View\View.php(226): include('C:\\xampp\\htdocs\\Gestion-Bibliotheque\\app\\Views\\user\\sidebar.php')
 3 SYSTEMPATH\View\View.php(229): CodeIgniter\View\View->CodeIgniter\View\{closure}()
 4 SYSTEMPATH\View\View.php(475): CodeIgniter\View\View->render('user/sidebar', null, true)
 5 APPPATH\Views\user\books.php(7): CodeIgniter\View\View->include('user/sidebar')
 6 SYSTEMPATH\View\View.php(226): include('C:\\xampp\\htdocs\\Gestion-Bibliotheque\\app\\Views\\user\\books.php')
 7 SYSTEMPATH\View\View.php(229): CodeIgniter\View\View->CodeIgniter\View\{closure}()
 8 SYSTEMPATH\Common.php(1167): CodeIgniter\View\View->render('user/books', [], true)
 9 APPPATH\Controllers\UserController.php(62): view('user/books', [...])
10 SYSTEMPATH\CodeIgniter.php(933): App\Controllers\UserController->books()
11 SYSTEMPATH\CodeIgniter.php(507): CodeIgniter\CodeIgniter->runController(Object(App\Controllers\UserController))
12 SYSTEMPATH\CodeIgniter.php(354): CodeIgniter\CodeIgniter->handleRequest(null, Object(Config\Cache), false)
13 SYSTEMPATH\Boot.php(363): CodeIgniter\CodeIgniter->run()
14 SYSTEMPATH\Boot.php(68): CodeIgniter\Boot::runCodeIgniter(Object(CodeIgniter\CodeIgniter))
15 FCPATH\index.php(59): CodeIgniter\Boot::bootWeb(Object(Config\Paths))
16 SYSTEMPATH\rewrite.php(44): require_once('C:\\xampp\\htdocs\\Gestion-Bibliotheque\\public\\index.php')
CRITICAL - 2025-09-11 13:20:33 --> ErrorException: Undefined array key "status"
[Method: GET, Route: books]
in APPPATH\Views\user\sidebar.php on line 9.
 1 APPPATH\Views\user\sidebar.php(9): CodeIgniter\Debug\Exceptions->errorHandler(2, 'Undefined array key "status"', 'C:\\xampp\\htdocs\\Gestion-Bibliotheque\\app\\Views\\user\\sidebar.php', 9)
 2 SYSTEMPATH\View\View.php(226): include('C:\\xampp\\htdocs\\Gestion-Bibliotheque\\app\\Views\\user\\sidebar.php')
 3 SYSTEMPATH\View\View.php(229): CodeIgniter\View\View->CodeIgniter\View\{closure}()
 4 SYSTEMPATH\View\View.php(475): CodeIgniter\View\View->render('user/sidebar', null, true)
 5 APPPATH\Views\user\books.php(7): CodeIgniter\View\View->include('user/sidebar')
 6 SYSTEMPATH\View\View.php(226): include('C:\\xampp\\htdocs\\Gestion-Bibliotheque\\app\\Views\\user\\books.php')
 7 SYSTEMPATH\View\View.php(229): CodeIgniter\View\View->CodeIgniter\View\{closure}()
 8 SYSTEMPATH\Common.php(1167): CodeIgniter\View\View->render('user/books', [], true)
 9 APPPATH\Controllers\UserController.php(62): view('user/books', [...])
10 SYSTEMPATH\CodeIgniter.php(933): App\Controllers\UserController->books()
11 SYSTEMPATH\CodeIgniter.php(507): CodeIgniter\CodeIgniter->runController(Object(App\Controllers\UserController))
12 SYSTEMPATH\CodeIgniter.php(354): CodeIgniter\CodeIgniter->handleRequest(null, Object(Config\Cache), false)
13 SYSTEMPATH\Boot.php(363): CodeIgniter\CodeIgniter->run()
14 SYSTEMPATH\Boot.php(68): CodeIgniter\Boot::runCodeIgniter(Object(CodeIgniter\CodeIgniter))
15 FCPATH\index.php(59): CodeIgniter\Boot::bootWeb(Object(Config\Paths))
16 SYSTEMPATH\rewrite.php(44): require_once('C:\\xampp\\htdocs\\Gestion-Bibliotheque\\public\\index.php')
CRITICAL - 2025-09-11 18:33:01 --> ErrorException: Undefined array key "status"
[Method: GET, Route: books]
in APPPATH\Views\user\sidebar.php on line 9.
 1 APPPATH\Views\user\sidebar.php(9): CodeIgniter\Debug\Exceptions->errorHandler(2, 'Undefined array key "status"', 'C:\\xampp\\htdocs\\Gestion-Bibliotheque\\app\\Views\\user\\sidebar.php', 9)
 2 SYSTEMPATH\View\View.php(226): include('C:\\xampp\\htdocs\\Gestion-Bibliotheque\\app\\Views\\user\\sidebar.php')
 3 SYSTEMPATH\View\View.php(229): CodeIgniter\View\View->CodeIgniter\View\{closure}()
 4 SYSTEMPATH\View\View.php(475): CodeIgniter\View\View->render('user/sidebar', null, true)
 5 APPPATH\Views\user\books.php(7): CodeIgniter\View\View->include('user/sidebar')
 6 SYSTEMPATH\View\View.php(226): include('C:\\xampp\\htdocs\\Gestion-Bibliotheque\\app\\Views\\user\\books.php')
 7 SYSTEMPATH\View\View.php(229): CodeIgniter\View\View->CodeIgniter\View\{closure}()
 8 SYSTEMPATH\Common.php(1167): CodeIgniter\View\View->render('user/books', [], true)
 9 APPPATH\Controllers\UserController.php(62): view('user/books', [...])
10 SYSTEMPATH\CodeIgniter.php(933): App\Controllers\UserController->books()
11 SYSTEMPATH\CodeIgniter.php(507): CodeIgniter\CodeIgniter->runController(Object(App\Controllers\UserController))
12 SYSTEMPATH\CodeIgniter.php(354): CodeIgniter\CodeIgniter->handleRequest(null, Object(Config\Cache), false)
13 SYSTEMPATH\Boot.php(363): CodeIgniter\CodeIgniter->run()
14 SYSTEMPATH\Boot.php(68): CodeIgniter\Boot::runCodeIgniter(Object(CodeIgniter\CodeIgniter))
15 FCPATH\index.php(59): CodeIgniter\Boot::bootWeb(Object(Config\Paths))
16 SYSTEMPATH\rewrite.php(44): require_once('C:\\xampp\\htdocs\\Gestion-Bibliotheque\\public\\index.php')
CRITICAL - 2025-09-11 18:33:02 --> ErrorException: Undefined array key "status"
[Method: GET, Route: books]
in APPPATH\Views\user\sidebar.php on line 9.
 1 APPPATH\Views\user\sidebar.php(9): CodeIgniter\Debug\Exceptions->errorHandler(2, 'Undefined array key "status"', 'C:\\xampp\\htdocs\\Gestion-Bibliotheque\\app\\Views\\user\\sidebar.php', 9)
 2 SYSTEMPATH\View\View.php(226): include('C:\\xampp\\htdocs\\Gestion-Bibliotheque\\app\\Views\\user\\sidebar.php')
 3 SYSTEMPATH\View\View.php(229): CodeIgniter\View\View->CodeIgniter\View\{closure}()
 4 SYSTEMPATH\View\View.php(475): CodeIgniter\View\View->render('user/sidebar', null, true)
 5 APPPATH\Views\user\books.php(7): CodeIgniter\View\View->include('user/sidebar')
 6 SYSTEMPATH\View\View.php(226): include('C:\\xampp\\htdocs\\Gestion-Bibliotheque\\app\\Views\\user\\books.php')
 7 SYSTEMPATH\View\View.php(229): CodeIgniter\View\View->CodeIgniter\View\{closure}()
 8 SYSTEMPATH\Common.php(1167): CodeIgniter\View\View->render('user/books', [], true)
 9 APPPATH\Controllers\UserController.php(62): view('user/books', [...])
10 SYSTEMPATH\CodeIgniter.php(933): App\Controllers\UserController->books()
11 SYSTEMPATH\CodeIgniter.php(507): CodeIgniter\CodeIgniter->runController(Object(App\Controllers\UserController))
12 SYSTEMPATH\CodeIgniter.php(354): CodeIgniter\CodeIgniter->handleRequest(null, Object(Config\Cache), false)
13 SYSTEMPATH\Boot.php(363): CodeIgniter\CodeIgniter->run()
14 SYSTEMPATH\Boot.php(68): CodeIgniter\Boot::runCodeIgniter(Object(CodeIgniter\CodeIgniter))
15 FCPATH\index.php(59): CodeIgniter\Boot::bootWeb(Object(Config\Paths))
16 SYSTEMPATH\rewrite.php(44): require_once('C:\\xampp\\htdocs\\Gestion-Bibliotheque\\public\\index.php')
CRITICAL - 2025-09-11 22:42:08 --> ErrorException: Undefined array key "status"
[Method: GET, Route: books]
in APPPATH\Views\user\sidebar.php on line 9.
 1 APPPATH\Views\user\sidebar.php(9): CodeIgniter\Debug\Exceptions->errorHandler(2, 'Undefined array key "status"', 'C:\\xampp\\htdocs\\Gestion-Bibliotheque\\app\\Views\\user\\sidebar.php', 9)
 2 SYSTEMPATH\View\View.php(226): include('C:\\xampp\\htdocs\\Gestion-Bibliotheque\\app\\Views\\user\\sidebar.php')
 3 SYSTEMPATH\View\View.php(229): CodeIgniter\View\View->CodeIgniter\View\{closure}()
 4 SYSTEMPATH\View\View.php(475): CodeIgniter\View\View->render('user/sidebar', null, true)
 5 APPPATH\Views\user\books.php(7): CodeIgniter\View\View->include('user/sidebar')
 6 SYSTEMPATH\View\View.php(226): include('C:\\xampp\\htdocs\\Gestion-Bibliotheque\\app\\Views\\user\\books.php')
 7 SYSTEMPATH\View\View.php(229): CodeIgniter\View\View->CodeIgniter\View\{closure}()
 8 SYSTEMPATH\Common.php(1167): CodeIgniter\View\View->render('user/books', [], true)
 9 APPPATH\Controllers\UserController.php(89): view('user/books', [...])
10 SYSTEMPATH\CodeIgniter.php(933): App\Controllers\UserController->books()
11 SYSTEMPATH\CodeIgniter.php(507): CodeIgniter\CodeIgniter->runController(Object(App\Controllers\UserController))
12 SYSTEMPATH\CodeIgniter.php(354): CodeIgniter\CodeIgniter->handleRequest(null, Object(Config\Cache), false)
13 SYSTEMPATH\Boot.php(363): CodeIgniter\CodeIgniter->run()
14 SYSTEMPATH\Boot.php(68): CodeIgniter\Boot::runCodeIgniter(Object(CodeIgniter\CodeIgniter))
15 FCPATH\index.php(59): CodeIgniter\Boot::bootWeb(Object(Config\Paths))
16 SYSTEMPATH\rewrite.php(44): require_once('C:\\xampp\\htdocs\\Gestion-Bibliotheque\\public\\index.php')
CRITICAL - 2025-09-11 22:42:21 --> ErrorException: Undefined array key "status"
[Method: GET, Route: books]
in APPPATH\Views\user\sidebar.php on line 9.
 1 APPPATH\Views\user\sidebar.php(9): CodeIgniter\Debug\Exceptions->errorHandler(2, 'Undefined array key "status"', 'C:\\xampp\\htdocs\\Gestion-Bibliotheque\\app\\Views\\user\\sidebar.php', 9)
 2 SYSTEMPATH\View\View.php(226): include('C:\\xampp\\htdocs\\Gestion-Bibliotheque\\app\\Views\\user\\sidebar.php')
 3 SYSTEMPATH\View\View.php(229): CodeIgniter\View\View->CodeIgniter\View\{closure}()
 4 SYSTEMPATH\View\View.php(475): CodeIgniter\View\View->render('user/sidebar', null, true)
 5 APPPATH\Views\user\books.php(7): CodeIgniter\View\View->include('user/sidebar')
 6 SYSTEMPATH\View\View.php(226): include('C:\\xampp\\htdocs\\Gestion-Bibliotheque\\app\\Views\\user\\books.php')
 7 SYSTEMPATH\View\View.php(229): CodeIgniter\View\View->CodeIgniter\View\{closure}()
 8 SYSTEMPATH\Common.php(1167): CodeIgniter\View\View->render('user/books', [], true)
 9 APPPATH\Controllers\UserController.php(89): view('user/books', [...])
10 SYSTEMPATH\CodeIgniter.php(933): App\Controllers\UserController->books()
11 SYSTEMPATH\CodeIgniter.php(507): CodeIgniter\CodeIgniter->runController(Object(App\Controllers\UserController))
12 SYSTEMPATH\CodeIgniter.php(354): CodeIgniter\CodeIgniter->handleRequest(null, Object(Config\Cache), false)
13 SYSTEMPATH\Boot.php(363): CodeIgniter\CodeIgniter->run()
14 SYSTEMPATH\Boot.php(68): CodeIgniter\Boot::runCodeIgniter(Object(CodeIgniter\CodeIgniter))
15 FCPATH\index.php(59): CodeIgniter\Boot::bootWeb(Object(Config\Paths))
16 SYSTEMPATH\rewrite.php(44): require_once('C:\\xampp\\htdocs\\Gestion-Bibliotheque\\public\\index.php')
CRITICAL - 2025-09-11 22:42:25 --> CodeIgniter\View\Exceptions\ViewException: Invalid file: "user/my_books.php"
[Method: GET, Route: my-books]
in SYSTEMPATH\Exceptions\FrameworkException.php on line 39.
 1 SYSTEMPATH\View\View.php(214): CodeIgniter\Exceptions\FrameworkException::forInvalidFile('user/my_books.php')
 2 SYSTEMPATH\Common.php(1167): CodeIgniter\View\View->render('user/my_books', [], true)
 3 APPPATH\Controllers\UserController.php(202): view('user/my_books', [...])
 4 SYSTEMPATH\CodeIgniter.php(933): App\Controllers\UserController->myBooks()
 5 SYSTEMPATH\CodeIgniter.php(507): CodeIgniter\CodeIgniter->runController(Object(App\Controllers\UserController))
 6 SYSTEMPATH\CodeIgniter.php(354): CodeIgniter\CodeIgniter->handleRequest(null, Object(Config\Cache), false)
 7 SYSTEMPATH\Boot.php(363): CodeIgniter\CodeIgniter->run()
 8 SYSTEMPATH\Boot.php(68): CodeIgniter\Boot::runCodeIgniter(Object(CodeIgniter\CodeIgniter))
 9 FCPATH\index.php(59): CodeIgniter\Boot::bootWeb(Object(Config\Paths))
10 SYSTEMPATH\rewrite.php(44): require_once('C:\\xampp\\htdocs\\Gestion-Bibliotheque\\public\\index.php')
CRITICAL - 2025-09-11 22:42:30 --> ErrorException: Undefined array key "status"
[Method: GET, Route: history]
in APPPATH\Views\user\sidebar.php on line 9.
 1 APPPATH\Views\user\sidebar.php(9): CodeIgniter\Debug\Exceptions->errorHandler(2, 'Undefined array key "status"', 'C:\\xampp\\htdocs\\Gestion-Bibliotheque\\app\\Views\\user\\sidebar.php', 9)
 2 SYSTEMPATH\View\View.php(226): include('C:\\xampp\\htdocs\\Gestion-Bibliotheque\\app\\Views\\user\\sidebar.php')
 3 SYSTEMPATH\View\View.php(229): CodeIgniter\View\View->CodeIgniter\View\{closure}()
 4 SYSTEMPATH\View\View.php(475): CodeIgniter\View\View->render('user/sidebar', null, true)
 5 APPPATH\Views\user\history.php(7): CodeIgniter\View\View->include('user/sidebar')
 6 SYSTEMPATH\View\View.php(226): include('C:\\xampp\\htdocs\\Gestion-Bibliotheque\\app\\Views\\user\\history.php')
 7 SYSTEMPATH\View\View.php(229): CodeIgniter\View\View->CodeIgniter\View\{closure}()
 8 SYSTEMPATH\Common.php(1167): CodeIgniter\View\View->render('user/history', [], true)
 9 APPPATH\Controllers\UserController.php(112): view('user/history', [...])
10 SYSTEMPATH\CodeIgniter.php(933): App\Controllers\UserController->history()
11 SYSTEMPATH\CodeIgniter.php(507): CodeIgniter\CodeIgniter->runController(Object(App\Controllers\UserController))
12 SYSTEMPATH\CodeIgniter.php(354): CodeIgniter\CodeIgniter->handleRequest(null, Object(Config\Cache), false)
13 SYSTEMPATH\Boot.php(363): CodeIgniter\CodeIgniter->run()
14 SYSTEMPATH\Boot.php(68): CodeIgniter\Boot::runCodeIgniter(Object(CodeIgniter\CodeIgniter))
15 FCPATH\index.php(59): CodeIgniter\Boot::bootWeb(Object(Config\Paths))
16 SYSTEMPATH\rewrite.php(44): require_once('C:\\xampp\\htdocs\\Gestion-Bibliotheque\\public\\index.php')
CRITICAL - 2025-09-11 22:42:34 --> CodeIgniter\View\Exceptions\ViewException: Invalid file: "user/profile.php"
[Method: GET, Route: profile]
in SYSTEMPATH\Exceptions\FrameworkException.php on line 39.
 1 SYSTEMPATH\View\View.php(214): CodeIgniter\Exceptions\FrameworkException::forInvalidFile('user/profile.php')
 2 SYSTEMPATH\Common.php(1167): CodeIgniter\View\View->render('user/profile', [], true)
 3 APPPATH\Controllers\UserController.php(176): view('user/profile', [...])
 4 SYSTEMPATH\CodeIgniter.php(933): App\Controllers\UserController->profile()
 5 SYSTEMPATH\CodeIgniter.php(507): CodeIgniter\CodeIgniter->runController(Object(App\Controllers\UserController))
 6 SYSTEMPATH\CodeIgniter.php(354): CodeIgniter\CodeIgniter->handleRequest(null, Object(Config\Cache), false)
 7 SYSTEMPATH\Boot.php(363): CodeIgniter\CodeIgniter->run()
 8 SYSTEMPATH\Boot.php(68): CodeIgniter\Boot::runCodeIgniter(Object(CodeIgniter\CodeIgniter))
 9 FCPATH\index.php(59): CodeIgniter\Boot::bootWeb(Object(Config\Paths))
10 SYSTEMPATH\rewrite.php(44): require_once('C:\\xampp\\htdocs\\Gestion-Bibliotheque\\public\\index.php')
CRITICAL - 2025-09-11 22:42:40 --> ErrorException: Undefined array key "status"
[Method: GET, Route: books]
in APPPATH\Views\user\sidebar.php on line 9.
 1 APPPATH\Views\user\sidebar.php(9): CodeIgniter\Debug\Exceptions->errorHandler(2, 'Undefined array key "status"', 'C:\\xampp\\htdocs\\Gestion-Bibliotheque\\app\\Views\\user\\sidebar.php', 9)
 2 SYSTEMPATH\View\View.php(226): include('C:\\xampp\\htdocs\\Gestion-Bibliotheque\\app\\Views\\user\\sidebar.php')
 3 SYSTEMPATH\View\View.php(229): CodeIgniter\View\View->CodeIgniter\View\{closure}()
 4 SYSTEMPATH\View\View.php(475): CodeIgniter\View\View->render('user/sidebar', null, true)
 5 APPPATH\Views\user\books.php(7): CodeIgniter\View\View->include('user/sidebar')
 6 SYSTEMPATH\View\View.php(226): include('C:\\xampp\\htdocs\\Gestion-Bibliotheque\\app\\Views\\user\\books.php')
 7 SYSTEMPATH\View\View.php(229): CodeIgniter\View\View->CodeIgniter\View\{closure}()
 8 SYSTEMPATH\Common.php(1167): CodeIgniter\View\View->render('user/books', [], true)
 9 APPPATH\Controllers\UserController.php(89): view('user/books', [...])
10 SYSTEMPATH\CodeIgniter.php(933): App\Controllers\UserController->books()
11 SYSTEMPATH\CodeIgniter.php(507): CodeIgniter\CodeIgniter->runController(Object(App\Controllers\UserController))
12 SYSTEMPATH\CodeIgniter.php(354): CodeIgniter\CodeIgniter->handleRequest(null, Object(Config\Cache), false)
13 SYSTEMPATH\Boot.php(363): CodeIgniter\CodeIgniter->run()
14 SYSTEMPATH\Boot.php(68): CodeIgniter\Boot::runCodeIgniter(Object(CodeIgniter\CodeIgniter))
15 FCPATH\index.php(59): CodeIgniter\Boot::bootWeb(Object(Config\Paths))
16 SYSTEMPATH\rewrite.php(44): require_once('C:\\xampp\\htdocs\\Gestion-Bibliotheque\\public\\index.php')
CRITICAL - 2025-09-11 22:42:45 --> CodeIgniter\View\Exceptions\ViewException: Invalid file: "user/my_books.php"
[Method: GET, Route: my-books]
in SYSTEMPATH\Exceptions\FrameworkException.php on line 39.
 1 SYSTEMPATH\View\View.php(214): CodeIgniter\Exceptions\FrameworkException::forInvalidFile('user/my_books.php')
 2 SYSTEMPATH\Common.php(1167): CodeIgniter\View\View->render('user/my_books', [], true)
 3 APPPATH\Controllers\UserController.php(202): view('user/my_books', [...])
 4 SYSTEMPATH\CodeIgniter.php(933): App\Controllers\UserController->myBooks()
 5 SYSTEMPATH\CodeIgniter.php(507): CodeIgniter\CodeIgniter->runController(Object(App\Controllers\UserController))
 6 SYSTEMPATH\CodeIgniter.php(354): CodeIgniter\CodeIgniter->handleRequest(null, Object(Config\Cache), false)
 7 SYSTEMPATH\Boot.php(363): CodeIgniter\CodeIgniter->run()
 8 SYSTEMPATH\Boot.php(68): CodeIgniter\Boot::runCodeIgniter(Object(CodeIgniter\CodeIgniter))
 9 FCPATH\index.php(59): CodeIgniter\Boot::bootWeb(Object(Config\Paths))
10 SYSTEMPATH\rewrite.php(44): require_once('C:\\xampp\\htdocs\\Gestion-Bibliotheque\\public\\index.php')
CRITICAL - 2025-09-11 22:42:49 --> ErrorException: Undefined array key "status"
[Method: GET, Route: history]
in APPPATH\Views\user\sidebar.php on line 9.
 1 APPPATH\Views\user\sidebar.php(9): CodeIgniter\Debug\Exceptions->errorHandler(2, 'Undefined array key "status"', 'C:\\xampp\\htdocs\\Gestion-Bibliotheque\\app\\Views\\user\\sidebar.php', 9)
 2 SYSTEMPATH\View\View.php(226): include('C:\\xampp\\htdocs\\Gestion-Bibliotheque\\app\\Views\\user\\sidebar.php')
 3 SYSTEMPATH\View\View.php(229): CodeIgniter\View\View->CodeIgniter\View\{closure}()
 4 SYSTEMPATH\View\View.php(475): CodeIgniter\View\View->render('user/sidebar', null, true)
 5 APPPATH\Views\user\history.php(7): CodeIgniter\View\View->include('user/sidebar')
 6 SYSTEMPATH\View\View.php(226): include('C:\\xampp\\htdocs\\Gestion-Bibliotheque\\app\\Views\\user\\history.php')
 7 SYSTEMPATH\View\View.php(229): CodeIgniter\View\View->CodeIgniter\View\{closure}()
 8 SYSTEMPATH\Common.php(1167): CodeIgniter\View\View->render('user/history', [], true)
 9 APPPATH\Controllers\UserController.php(112): view('user/history', [...])
10 SYSTEMPATH\CodeIgniter.php(933): App\Controllers\UserController->history()
11 SYSTEMPATH\CodeIgniter.php(507): CodeIgniter\CodeIgniter->runController(Object(App\Controllers\UserController))
12 SYSTEMPATH\CodeIgniter.php(354): CodeIgniter\CodeIgniter->handleRequest(null, Object(Config\Cache), false)
13 SYSTEMPATH\Boot.php(363): CodeIgniter\CodeIgniter->run()
14 SYSTEMPATH\Boot.php(68): CodeIgniter\Boot::runCodeIgniter(Object(CodeIgniter\CodeIgniter))
15 FCPATH\index.php(59): CodeIgniter\Boot::bootWeb(Object(Config\Paths))
16 SYSTEMPATH\rewrite.php(44): require_once('C:\\xampp\\htdocs\\Gestion-Bibliotheque\\public\\index.php')
CRITICAL - 2025-09-11 22:46:04 --> CodeIgniter\View\Exceptions\ViewException: Invalid file: "user/profile.php"
[Method: GET, Route: profile]
in SYSTEMPATH\Exceptions\FrameworkException.php on line 39.
 1 SYSTEMPATH\View\View.php(214): CodeIgniter\Exceptions\FrameworkException::forInvalidFile('user/profile.php')
 2 SYSTEMPATH\Common.php(1167): CodeIgniter\View\View->render('user/profile', [], true)
 3 APPPATH\Controllers\UserController.php(176): view('user/profile', [...])
 4 SYSTEMPATH\CodeIgniter.php(933): App\Controllers\UserController->profile()
 5 SYSTEMPATH\CodeIgniter.php(507): CodeIgniter\CodeIgniter->runController(Object(App\Controllers\UserController))
 6 SYSTEMPATH\CodeIgniter.php(354): CodeIgniter\CodeIgniter->handleRequest(null, Object(Config\Cache), false)
 7 SYSTEMPATH\Boot.php(363): CodeIgniter\CodeIgniter->run()
 8 SYSTEMPATH\Boot.php(68): CodeIgniter\Boot::runCodeIgniter(Object(CodeIgniter\CodeIgniter))
 9 FCPATH\index.php(59): CodeIgniter\Boot::bootWeb(Object(Config\Paths))
10 SYSTEMPATH\rewrite.php(44): require_once('C:\\xampp\\htdocs\\Gestion-Bibliotheque\\public\\index.php')
CRITICAL - 2025-09-11 22:46:04 --> CodeIgniter\View\Exceptions\ViewException: Invalid file: "user/profile.php"
[Method: GET, Route: profile]
in SYSTEMPATH\Exceptions\FrameworkException.php on line 39.
 1 SYSTEMPATH\View\View.php(214): CodeIgniter\Exceptions\FrameworkException::forInvalidFile('user/profile.php')
 2 SYSTEMPATH\Common.php(1167): CodeIgniter\View\View->render('user/profile', [], true)
 3 APPPATH\Controllers\UserController.php(176): view('user/profile', [...])
 4 SYSTEMPATH\CodeIgniter.php(933): App\Controllers\UserController->profile()
 5 SYSTEMPATH\CodeIgniter.php(507): CodeIgniter\CodeIgniter->runController(Object(App\Controllers\UserController))
 6 SYSTEMPATH\CodeIgniter.php(354): CodeIgniter\CodeIgniter->handleRequest(null, Object(Config\Cache), false)
 7 SYSTEMPATH\Boot.php(363): CodeIgniter\CodeIgniter->run()
 8 SYSTEMPATH\Boot.php(68): CodeIgniter\Boot::runCodeIgniter(Object(CodeIgniter\CodeIgniter))
 9 FCPATH\index.php(59): CodeIgniter\Boot::bootWeb(Object(Config\Paths))
10 SYSTEMPATH\rewrite.php(44): require_once('C:\\xampp\\htdocs\\Gestion-Bibliotheque\\public\\index.php')
CRITICAL - 2025-09-11 22:46:09 --> ErrorException: Undefined array key "status"
[Method: GET, Route: books]
in APPPATH\Views\user\sidebar.php on line 9.
 1 APPPATH\Views\user\sidebar.php(9): CodeIgniter\Debug\Exceptions->errorHandler(2, 'Undefined array key "status"', 'C:\\xampp\\htdocs\\Gestion-Bibliotheque\\app\\Views\\user\\sidebar.php', 9)
 2 SYSTEMPATH\View\View.php(226): include('C:\\xampp\\htdocs\\Gestion-Bibliotheque\\app\\Views\\user\\sidebar.php')
 3 SYSTEMPATH\View\View.php(229): CodeIgniter\View\View->CodeIgniter\View\{closure}()
 4 SYSTEMPATH\View\View.php(475): CodeIgniter\View\View->render('user/sidebar', null, true)
 5 APPPATH\Views\user\books.php(7): CodeIgniter\View\View->include('user/sidebar')
 6 SYSTEMPATH\View\View.php(226): include('C:\\xampp\\htdocs\\Gestion-Bibliotheque\\app\\Views\\user\\books.php')
 7 SYSTEMPATH\View\View.php(229): CodeIgniter\View\View->CodeIgniter\View\{closure}()
 8 SYSTEMPATH\Common.php(1167): CodeIgniter\View\View->render('user/books', [], true)
 9 APPPATH\Controllers\UserController.php(89): view('user/books', [...])
10 SYSTEMPATH\CodeIgniter.php(933): App\Controllers\UserController->books()
11 SYSTEMPATH\CodeIgniter.php(507): CodeIgniter\CodeIgniter->runController(Object(App\Controllers\UserController))
12 SYSTEMPATH\CodeIgniter.php(354): CodeIgniter\CodeIgniter->handleRequest(null, Object(Config\Cache), false)
13 SYSTEMPATH\Boot.php(363): CodeIgniter\CodeIgniter->run()
14 SYSTEMPATH\Boot.php(68): CodeIgniter\Boot::runCodeIgniter(Object(CodeIgniter\CodeIgniter))
15 FCPATH\index.php(59): CodeIgniter\Boot::bootWeb(Object(Config\Paths))
16 SYSTEMPATH\rewrite.php(44): require_once('C:\\xampp\\htdocs\\Gestion-Bibliotheque\\public\\index.php')
CRITICAL - 2025-09-11 22:53:55 --> ErrorException: Undefined array key "status"
[Method: GET, Route: books]
in APPPATH\Views\user\sidebar.php on line 9.
 1 APPPATH\Views\user\sidebar.php(9): CodeIgniter\Debug\Exceptions->errorHandler(2, 'Undefined array key "status"', 'C:\\xampp\\htdocs\\Gestion-Bibliotheque\\app\\Views\\user\\sidebar.php', 9)
 2 SYSTEMPATH\View\View.php(226): include('C:\\xampp\\htdocs\\Gestion-Bibliotheque\\app\\Views\\user\\sidebar.php')
 3 SYSTEMPATH\View\View.php(229): CodeIgniter\View\View->CodeIgniter\View\{closure}()
 4 SYSTEMPATH\View\View.php(475): CodeIgniter\View\View->render('user/sidebar', null, true)
 5 APPPATH\Views\user\books.php(7): CodeIgniter\View\View->include('user/sidebar')
 6 SYSTEMPATH\View\View.php(226): include('C:\\xampp\\htdocs\\Gestion-Bibliotheque\\app\\Views\\user\\books.php')
 7 SYSTEMPATH\View\View.php(229): CodeIgniter\View\View->CodeIgniter\View\{closure}()
 8 SYSTEMPATH\Common.php(1167): CodeIgniter\View\View->render('user/books', [], true)
 9 APPPATH\Controllers\UserController.php(89): view('user/books', [...])
10 SYSTEMPATH\CodeIgniter.php(933): App\Controllers\UserController->books()
11 SYSTEMPATH\CodeIgniter.php(507): CodeIgniter\CodeIgniter->runController(Object(App\Controllers\UserController))
12 SYSTEMPATH\CodeIgniter.php(354): CodeIgniter\CodeIgniter->handleRequest(null, Object(Config\Cache), false)
13 SYSTEMPATH\Boot.php(363): CodeIgniter\CodeIgniter->run()
14 SYSTEMPATH\Boot.php(68): CodeIgniter\Boot::runCodeIgniter(Object(CodeIgniter\CodeIgniter))
15 FCPATH\index.php(59): CodeIgniter\Boot::bootWeb(Object(Config\Paths))
16 SYSTEMPATH\rewrite.php(44): require_once('C:\\xampp\\htdocs\\Gestion-Bibliotheque\\public\\index.php')
CRITICAL - 2025-09-11 22:54:22 --> ErrorException: Undefined array key "status"
[Method: GET, Route: books]
in APPPATH\Views\user\sidebar.php on line 9.
 1 APPPATH\Views\user\sidebar.php(9): CodeIgniter\Debug\Exceptions->errorHandler(2, 'Undefined array key "status"', 'C:\\xampp\\htdocs\\Gestion-Bibliotheque\\app\\Views\\user\\sidebar.php', 9)
 2 SYSTEMPATH\View\View.php(226): include('C:\\xampp\\htdocs\\Gestion-Bibliotheque\\app\\Views\\user\\sidebar.php')
 3 SYSTEMPATH\View\View.php(229): CodeIgniter\View\View->CodeIgniter\View\{closure}()
 4 SYSTEMPATH\View\View.php(475): CodeIgniter\View\View->render('user/sidebar', null, true)
 5 APPPATH\Views\user\books.php(7): CodeIgniter\View\View->include('user/sidebar')
 6 SYSTEMPATH\View\View.php(226): include('C:\\xampp\\htdocs\\Gestion-Bibliotheque\\app\\Views\\user\\books.php')
 7 SYSTEMPATH\View\View.php(229): CodeIgniter\View\View->CodeIgniter\View\{closure}()
 8 SYSTEMPATH\Common.php(1167): CodeIgniter\View\View->render('user/books', [], true)
 9 APPPATH\Controllers\UserController.php(89): view('user/books', [...])
10 SYSTEMPATH\CodeIgniter.php(933): App\Controllers\UserController->books()
11 SYSTEMPATH\CodeIgniter.php(507): CodeIgniter\CodeIgniter->runController(Object(App\Controllers\UserController))
12 SYSTEMPATH\CodeIgniter.php(354): CodeIgniter\CodeIgniter->handleRequest(null, Object(Config\Cache), false)
13 SYSTEMPATH\Boot.php(363): CodeIgniter\CodeIgniter->run()
14 SYSTEMPATH\Boot.php(68): CodeIgniter\Boot::runCodeIgniter(Object(CodeIgniter\CodeIgniter))
15 FCPATH\index.php(59): CodeIgniter\Boot::bootWeb(Object(Config\Paths))
16 SYSTEMPATH\rewrite.php(44): require_once('C:\\xampp\\htdocs\\Gestion-Bibliotheque\\public\\index.php')
CRITICAL - 2025-09-11 22:54:34 --> ErrorException: Undefined array key "status"
[Method: GET, Route: books]
in APPPATH\Views\user\sidebar.php on line 9.
 1 APPPATH\Views\user\sidebar.php(9): CodeIgniter\Debug\Exceptions->errorHandler(2, 'Undefined array key "status"', 'C:\\xampp\\htdocs\\Gestion-Bibliotheque\\app\\Views\\user\\sidebar.php', 9)
 2 SYSTEMPATH\View\View.php(226): include('C:\\xampp\\htdocs\\Gestion-Bibliotheque\\app\\Views\\user\\sidebar.php')
 3 SYSTEMPATH\View\View.php(229): CodeIgniter\View\View->CodeIgniter\View\{closure}()
 4 SYSTEMPATH\View\View.php(475): CodeIgniter\View\View->render('user/sidebar', null, true)
 5 APPPATH\Views\user\books.php(7): CodeIgniter\View\View->include('user/sidebar')
 6 SYSTEMPATH\View\View.php(226): include('C:\\xampp\\htdocs\\Gestion-Bibliotheque\\app\\Views\\user\\books.php')
 7 SYSTEMPATH\View\View.php(229): CodeIgniter\View\View->CodeIgniter\View\{closure}()
 8 SYSTEMPATH\Common.php(1167): CodeIgniter\View\View->render('user/books', [], true)
 9 APPPATH\Controllers\UserController.php(89): view('user/books', [...])
10 SYSTEMPATH\CodeIgniter.php(933): App\Controllers\UserController->books()
11 SYSTEMPATH\CodeIgniter.php(507): CodeIgniter\CodeIgniter->runController(Object(App\Controllers\UserController))
12 SYSTEMPATH\CodeIgniter.php(354): CodeIgniter\CodeIgniter->handleRequest(null, Object(Config\Cache), false)
13 SYSTEMPATH\Boot.php(363): CodeIgniter\CodeIgniter->run()
14 SYSTEMPATH\Boot.php(68): CodeIgniter\Boot::runCodeIgniter(Object(CodeIgniter\CodeIgniter))
15 FCPATH\index.php(59): CodeIgniter\Boot::bootWeb(Object(Config\Paths))
16 SYSTEMPATH\rewrite.php(44): require_once('C:\\xampp\\htdocs\\Gestion-Bibliotheque\\public\\index.php')
CRITICAL - 2025-09-11 22:55:24 --> ErrorException: Undefined array key "status"
[Method: GET, Route: books]
in APPPATH\Views\user\sidebar.php on line 9.
 1 APPPATH\Views\user\sidebar.php(9): CodeIgniter\Debug\Exceptions->errorHandler(2, 'Undefined array key "status"', 'C:\\xampp\\htdocs\\Gestion-Bibliotheque\\app\\Views\\user\\sidebar.php', 9)
 2 SYSTEMPATH\View\View.php(226): include('C:\\xampp\\htdocs\\Gestion-Bibliotheque\\app\\Views\\user\\sidebar.php')
 3 SYSTEMPATH\View\View.php(229): CodeIgniter\View\View->CodeIgniter\View\{closure}()
 4 SYSTEMPATH\View\View.php(475): CodeIgniter\View\View->render('user/sidebar', null, true)
 5 APPPATH\Views\user\books.php(7): CodeIgniter\View\View->include('user/sidebar')
 6 SYSTEMPATH\View\View.php(226): include('C:\\xampp\\htdocs\\Gestion-Bibliotheque\\app\\Views\\user\\books.php')
 7 SYSTEMPATH\View\View.php(229): CodeIgniter\View\View->CodeIgniter\View\{closure}()
 8 SYSTEMPATH\Common.php(1167): CodeIgniter\View\View->render('user/books', [], true)
 9 APPPATH\Controllers\UserController.php(89): view('user/books', [...])
10 SYSTEMPATH\CodeIgniter.php(933): App\Controllers\UserController->books()
11 SYSTEMPATH\CodeIgniter.php(507): CodeIgniter\CodeIgniter->runController(Object(App\Controllers\UserController))
12 SYSTEMPATH\CodeIgniter.php(354): CodeIgniter\CodeIgniter->handleRequest(null, Object(Config\Cache), false)
13 SYSTEMPATH\Boot.php(363): CodeIgniter\CodeIgniter->run()
14 SYSTEMPATH\Boot.php(68): CodeIgniter\Boot::runCodeIgniter(Object(CodeIgniter\CodeIgniter))
15 FCPATH\index.php(59): CodeIgniter\Boot::bootWeb(Object(Config\Paths))
16 SYSTEMPATH\rewrite.php(44): require_once('C:\\xampp\\htdocs\\Gestion-Bibliotheque\\public\\index.php')
CRITICAL - 2025-09-11 22:55:24 --> ErrorException: Undefined array key "status"
[Method: GET, Route: books]
in APPPATH\Views\user\sidebar.php on line 9.
 1 APPPATH\Views\user\sidebar.php(9): CodeIgniter\Debug\Exceptions->errorHandler(2, 'Undefined array key "status"', 'C:\\xampp\\htdocs\\Gestion-Bibliotheque\\app\\Views\\user\\sidebar.php', 9)
 2 SYSTEMPATH\View\View.php(226): include('C:\\xampp\\htdocs\\Gestion-Bibliotheque\\app\\Views\\user\\sidebar.php')
 3 SYSTEMPATH\View\View.php(229): CodeIgniter\View\View->CodeIgniter\View\{closure}()
 4 SYSTEMPATH\View\View.php(475): CodeIgniter\View\View->render('user/sidebar', null, true)
 5 APPPATH\Views\user\books.php(7): CodeIgniter\View\View->include('user/sidebar')
 6 SYSTEMPATH\View\View.php(226): include('C:\\xampp\\htdocs\\Gestion-Bibliotheque\\app\\Views\\user\\books.php')
 7 SYSTEMPATH\View\View.php(229): CodeIgniter\View\View->CodeIgniter\View\{closure}()
 8 SYSTEMPATH\Common.php(1167): CodeIgniter\View\View->render('user/books', [], true)
 9 APPPATH\Controllers\UserController.php(89): view('user/books', [...])
10 SYSTEMPATH\CodeIgniter.php(933): App\Controllers\UserController->books()
11 SYSTEMPATH\CodeIgniter.php(507): CodeIgniter\CodeIgniter->runController(Object(App\Controllers\UserController))
12 SYSTEMPATH\CodeIgniter.php(354): CodeIgniter\CodeIgniter->handleRequest(null, Object(Config\Cache), false)
13 SYSTEMPATH\Boot.php(363): CodeIgniter\CodeIgniter->run()
14 SYSTEMPATH\Boot.php(68): CodeIgniter\Boot::runCodeIgniter(Object(CodeIgniter\CodeIgniter))
15 FCPATH\index.php(59): CodeIgniter\Boot::bootWeb(Object(Config\Paths))
16 SYSTEMPATH\rewrite.php(44): require_once('C:\\xampp\\htdocs\\Gestion-Bibliotheque\\public\\index.php')
CRITICAL - 2025-09-11 22:59:38 --> ErrorException: Undefined array key "status"
[Method: GET, Route: books]
in APPPATH\Views\user\sidebar.php on line 9.
 1 APPPATH\Views\user\sidebar.php(9): CodeIgniter\Debug\Exceptions->errorHandler(2, 'Undefined array key "status"', 'C:\\xampp\\htdocs\\Gestion-Bibliotheque\\app\\Views\\user\\sidebar.php', 9)
 2 SYSTEMPATH\View\View.php(226): include('C:\\xampp\\htdocs\\Gestion-Bibliotheque\\app\\Views\\user\\sidebar.php')
 3 SYSTEMPATH\View\View.php(229): CodeIgniter\View\View->CodeIgniter\View\{closure}()
 4 SYSTEMPATH\View\View.php(475): CodeIgniter\View\View->render('user/sidebar', null, true)
 5 APPPATH\Views\user\books.php(7): CodeIgniter\View\View->include('user/sidebar')
 6 SYSTEMPATH\View\View.php(226): include('C:\\xampp\\htdocs\\Gestion-Bibliotheque\\app\\Views\\user\\books.php')
 7 SYSTEMPATH\View\View.php(229): CodeIgniter\View\View->CodeIgniter\View\{closure}()
 8 SYSTEMPATH\Common.php(1167): CodeIgniter\View\View->render('user/books', [], true)
 9 APPPATH\Controllers\UserController.php(89): view('user/books', [...])
10 SYSTEMPATH\CodeIgniter.php(933): App\Controllers\UserController->books()
11 SYSTEMPATH\CodeIgniter.php(507): CodeIgniter\CodeIgniter->runController(Object(App\Controllers\UserController))
12 SYSTEMPATH\CodeIgniter.php(354): CodeIgniter\CodeIgniter->handleRequest(null, Object(Config\Cache), false)
13 SYSTEMPATH\Boot.php(363): CodeIgniter\CodeIgniter->run()
14 SYSTEMPATH\Boot.php(68): CodeIgniter\Boot::runCodeIgniter(Object(CodeIgniter\CodeIgniter))
15 FCPATH\index.php(59): CodeIgniter\Boot::bootWeb(Object(Config\Paths))
16 SYSTEMPATH\rewrite.php(44): require_once('C:\\xampp\\htdocs\\Gestion-Bibliotheque\\public\\index.php')
CRITICAL - 2025-09-11 22:59:41 --> ErrorException: Undefined array key "status"
[Method: GET, Route: books]
in APPPATH\Views\user\sidebar.php on line 9.
 1 APPPATH\Views\user\sidebar.php(9): CodeIgniter\Debug\Exceptions->errorHandler(2, 'Undefined array key "status"', 'C:\\xampp\\htdocs\\Gestion-Bibliotheque\\app\\Views\\user\\sidebar.php', 9)
 2 SYSTEMPATH\View\View.php(226): include('C:\\xampp\\htdocs\\Gestion-Bibliotheque\\app\\Views\\user\\sidebar.php')
 3 SYSTEMPATH\View\View.php(229): CodeIgniter\View\View->CodeIgniter\View\{closure}()
 4 SYSTEMPATH\View\View.php(475): CodeIgniter\View\View->render('user/sidebar', null, true)
 5 APPPATH\Views\user\books.php(7): CodeIgniter\View\View->include('user/sidebar')
 6 SYSTEMPATH\View\View.php(226): include('C:\\xampp\\htdocs\\Gestion-Bibliotheque\\app\\Views\\user\\books.php')
 7 SYSTEMPATH\View\View.php(229): CodeIgniter\View\View->CodeIgniter\View\{closure}()
 8 SYSTEMPATH\Common.php(1167): CodeIgniter\View\View->render('user/books', [], true)
 9 APPPATH\Controllers\UserController.php(89): view('user/books', [...])
10 SYSTEMPATH\CodeIgniter.php(933): App\Controllers\UserController->books()
11 SYSTEMPATH\CodeIgniter.php(507): CodeIgniter\CodeIgniter->runController(Object(App\Controllers\UserController))
12 SYSTEMPATH\CodeIgniter.php(354): CodeIgniter\CodeIgniter->handleRequest(null, Object(Config\Cache), false)
13 SYSTEMPATH\Boot.php(363): CodeIgniter\CodeIgniter->run()
14 SYSTEMPATH\Boot.php(68): CodeIgniter\Boot::runCodeIgniter(Object(CodeIgniter\CodeIgniter))
15 FCPATH\index.php(59): CodeIgniter\Boot::bootWeb(Object(Config\Paths))
16 SYSTEMPATH\rewrite.php(44): require_once('C:\\xampp\\htdocs\\Gestion-Bibliotheque\\public\\index.php')
CRITICAL - 2025-09-11 22:59:42 --> ErrorException: Undefined array key "status"
[Method: GET, Route: books]
in APPPATH\Views\user\sidebar.php on line 9.
 1 APPPATH\Views\user\sidebar.php(9): CodeIgniter\Debug\Exceptions->errorHandler(2, 'Undefined array key "status"', 'C:\\xampp\\htdocs\\Gestion-Bibliotheque\\app\\Views\\user\\sidebar.php', 9)
 2 SYSTEMPATH\View\View.php(226): include('C:\\xampp\\htdocs\\Gestion-Bibliotheque\\app\\Views\\user\\sidebar.php')
 3 SYSTEMPATH\View\View.php(229): CodeIgniter\View\View->CodeIgniter\View\{closure}()
 4 SYSTEMPATH\View\View.php(475): CodeIgniter\View\View->render('user/sidebar', null, true)
 5 APPPATH\Views\user\books.php(7): CodeIgniter\View\View->include('user/sidebar')
 6 SYSTEMPATH\View\View.php(226): include('C:\\xampp\\htdocs\\Gestion-Bibliotheque\\app\\Views\\user\\books.php')
 7 SYSTEMPATH\View\View.php(229): CodeIgniter\View\View->CodeIgniter\View\{closure}()
 8 SYSTEMPATH\Common.php(1167): CodeIgniter\View\View->render('user/books', [], true)
 9 APPPATH\Controllers\UserController.php(89): view('user/books', [...])
10 SYSTEMPATH\CodeIgniter.php(933): App\Controllers\UserController->books()
11 SYSTEMPATH\CodeIgniter.php(507): CodeIgniter\CodeIgniter->runController(Object(App\Controllers\UserController))
12 SYSTEMPATH\CodeIgniter.php(354): CodeIgniter\CodeIgniter->handleRequest(null, Object(Config\Cache), false)
13 SYSTEMPATH\Boot.php(363): CodeIgniter\CodeIgniter->run()
14 SYSTEMPATH\Boot.php(68): CodeIgniter\Boot::runCodeIgniter(Object(CodeIgniter\CodeIgniter))
15 FCPATH\index.php(59): CodeIgniter\Boot::bootWeb(Object(Config\Paths))
16 SYSTEMPATH\rewrite.php(44): require_once('C:\\xampp\\htdocs\\Gestion-Bibliotheque\\public\\index.php')
CRITICAL - 2025-09-11 22:59:42 --> ErrorException: Undefined array key "status"
[Method: GET, Route: books]
in APPPATH\Views\user\sidebar.php on line 9.
 1 APPPATH\Views\user\sidebar.php(9): CodeIgniter\Debug\Exceptions->errorHandler(2, 'Undefined array key "status"', 'C:\\xampp\\htdocs\\Gestion-Bibliotheque\\app\\Views\\user\\sidebar.php', 9)
 2 SYSTEMPATH\View\View.php(226): include('C:\\xampp\\htdocs\\Gestion-Bibliotheque\\app\\Views\\user\\sidebar.php')
 3 SYSTEMPATH\View\View.php(229): CodeIgniter\View\View->CodeIgniter\View\{closure}()
 4 SYSTEMPATH\View\View.php(475): CodeIgniter\View\View->render('user/sidebar', null, true)
 5 APPPATH\Views\user\books.php(7): CodeIgniter\View\View->include('user/sidebar')
 6 SYSTEMPATH\View\View.php(226): include('C:\\xampp\\htdocs\\Gestion-Bibliotheque\\app\\Views\\user\\books.php')
 7 SYSTEMPATH\View\View.php(229): CodeIgniter\View\View->CodeIgniter\View\{closure}()
 8 SYSTEMPATH\Common.php(1167): CodeIgniter\View\View->render('user/books', [], true)
 9 APPPATH\Controllers\UserController.php(89): view('user/books', [...])
10 SYSTEMPATH\CodeIgniter.php(933): App\Controllers\UserController->books()
11 SYSTEMPATH\CodeIgniter.php(507): CodeIgniter\CodeIgniter->runController(Object(App\Controllers\UserController))
12 SYSTEMPATH\CodeIgniter.php(354): CodeIgniter\CodeIgniter->handleRequest(null, Object(Config\Cache), false)
13 SYSTEMPATH\Boot.php(363): CodeIgniter\CodeIgniter->run()
14 SYSTEMPATH\Boot.php(68): CodeIgniter\Boot::runCodeIgniter(Object(CodeIgniter\CodeIgniter))
15 FCPATH\index.php(59): CodeIgniter\Boot::bootWeb(Object(Config\Paths))
16 SYSTEMPATH\rewrite.php(44): require_once('C:\\xampp\\htdocs\\Gestion-Bibliotheque\\public\\index.php')
CRITICAL - 2025-09-11 22:59:44 --> ErrorException: Undefined array key "status"
[Method: GET, Route: books]
in APPPATH\Views\user\sidebar.php on line 9.
 1 APPPATH\Views\user\sidebar.php(9): CodeIgniter\Debug\Exceptions->errorHandler(2, 'Undefined array key "status"', 'C:\\xampp\\htdocs\\Gestion-Bibliotheque\\app\\Views\\user\\sidebar.php', 9)
 2 SYSTEMPATH\View\View.php(226): include('C:\\xampp\\htdocs\\Gestion-Bibliotheque\\app\\Views\\user\\sidebar.php')
 3 SYSTEMPATH\View\View.php(229): CodeIgniter\View\View->CodeIgniter\View\{closure}()
 4 SYSTEMPATH\View\View.php(475): CodeIgniter\View\View->render('user/sidebar', null, true)
 5 APPPATH\Views\user\books.php(7): CodeIgniter\View\View->include('user/sidebar')
 6 SYSTEMPATH\View\View.php(226): include('C:\\xampp\\htdocs\\Gestion-Bibliotheque\\app\\Views\\user\\books.php')
 7 SYSTEMPATH\View\View.php(229): CodeIgniter\View\View->CodeIgniter\View\{closure}()
 8 SYSTEMPATH\Common.php(1167): CodeIgniter\View\View->render('user/books', [], true)
 9 APPPATH\Controllers\UserController.php(89): view('user/books', [...])
10 SYSTEMPATH\CodeIgniter.php(933): App\Controllers\UserController->books()
11 SYSTEMPATH\CodeIgniter.php(507): CodeIgniter\CodeIgniter->runController(Object(App\Controllers\UserController))
12 SYSTEMPATH\CodeIgniter.php(354): CodeIgniter\CodeIgniter->handleRequest(null, Object(Config\Cache), false)
13 SYSTEMPATH\Boot.php(363): CodeIgniter\CodeIgniter->run()
14 SYSTEMPATH\Boot.php(68): CodeIgniter\Boot::runCodeIgniter(Object(CodeIgniter\CodeIgniter))
15 FCPATH\index.php(59): CodeIgniter\Boot::bootWeb(Object(Config\Paths))
16 SYSTEMPATH\rewrite.php(44): require_once('C:\\xampp\\htdocs\\Gestion-Bibliotheque\\public\\index.php')
CRITICAL - 2025-09-11 23:02:10 --> ErrorException: Undefined array key "status"
[Method: GET, Route: books]
in APPPATH\Views\user\sidebar.php on line 9.
 1 APPPATH\Views\user\sidebar.php(9): CodeIgniter\Debug\Exceptions->errorHandler(2, 'Undefined array key "status"', 'C:\\xampp\\htdocs\\Gestion-Bibliotheque\\app\\Views\\user\\sidebar.php', 9)
 2 SYSTEMPATH\View\View.php(226): include('C:\\xampp\\htdocs\\Gestion-Bibliotheque\\app\\Views\\user\\sidebar.php')
 3 SYSTEMPATH\View\View.php(229): CodeIgniter\View\View->CodeIgniter\View\{closure}()
 4 SYSTEMPATH\View\View.php(475): CodeIgniter\View\View->render('user/sidebar', null, true)
 5 APPPATH\Views\user\books.php(7): CodeIgniter\View\View->include('user/sidebar')
 6 SYSTEMPATH\View\View.php(226): include('C:\\xampp\\htdocs\\Gestion-Bibliotheque\\app\\Views\\user\\books.php')
 7 SYSTEMPATH\View\View.php(229): CodeIgniter\View\View->CodeIgniter\View\{closure}()
 8 SYSTEMPATH\Common.php(1167): CodeIgniter\View\View->render('user/books', [], true)
 9 APPPATH\Controllers\UserController.php(89): view('user/books', [...])
10 SYSTEMPATH\CodeIgniter.php(933): App\Controllers\UserController->books()
11 SYSTEMPATH\CodeIgniter.php(507): CodeIgniter\CodeIgniter->runController(Object(App\Controllers\UserController))
12 SYSTEMPATH\CodeIgniter.php(354): CodeIgniter\CodeIgniter->handleRequest(null, Object(Config\Cache), false)
13 SYSTEMPATH\Boot.php(363): CodeIgniter\CodeIgniter->run()
14 SYSTEMPATH\Boot.php(68): CodeIgniter\Boot::runCodeIgniter(Object(CodeIgniter\CodeIgniter))
15 FCPATH\index.php(59): CodeIgniter\Boot::bootWeb(Object(Config\Paths))
16 SYSTEMPATH\rewrite.php(44): require_once('C:\\xampp\\htdocs\\Gestion-Bibliotheque\\public\\index.php')
CRITICAL - 2025-09-11 23:04:46 --> CodeIgniter\View\Exceptions\ViewException: Invalid file: "user/my_books.php"
[Method: GET, Route: my-books]
in SYSTEMPATH\Exceptions\FrameworkException.php on line 39.
 1 SYSTEMPATH\View\View.php(214): CodeIgniter\Exceptions\FrameworkException::forInvalidFile('user/my_books.php')
 2 SYSTEMPATH\Common.php(1167): CodeIgniter\View\View->render('user/my_books', [], true)
 3 APPPATH\Controllers\UserController.php(202): view('user/my_books', [...])
 4 SYSTEMPATH\CodeIgniter.php(933): App\Controllers\UserController->myBooks()
 5 SYSTEMPATH\CodeIgniter.php(507): CodeIgniter\CodeIgniter->runController(Object(App\Controllers\UserController))
 6 SYSTEMPATH\CodeIgniter.php(354): CodeIgniter\CodeIgniter->handleRequest(null, Object(Config\Cache), false)
 7 SYSTEMPATH\Boot.php(363): CodeIgniter\CodeIgniter->run()
 8 SYSTEMPATH\Boot.php(68): CodeIgniter\Boot::runCodeIgniter(Object(CodeIgniter\CodeIgniter))
 9 FCPATH\index.php(59): CodeIgniter\Boot::bootWeb(Object(Config\Paths))
10 SYSTEMPATH\rewrite.php(44): require_once('C:\\xampp\\htdocs\\Gestion-Bibliotheque\\public\\index.php')
CRITICAL - 2025-09-11 23:04:46 --> CodeIgniter\View\Exceptions\ViewException: Invalid file: "user/my_books.php"
[Method: GET, Route: my-books]
in SYSTEMPATH\Exceptions\FrameworkException.php on line 39.
 1 SYSTEMPATH\View\View.php(214): CodeIgniter\Exceptions\FrameworkException::forInvalidFile('user/my_books.php')
 2 SYSTEMPATH\Common.php(1167): CodeIgniter\View\View->render('user/my_books', [], true)
 3 APPPATH\Controllers\UserController.php(202): view('user/my_books', [...])
 4 SYSTEMPATH\CodeIgniter.php(933): App\Controllers\UserController->myBooks()
 5 SYSTEMPATH\CodeIgniter.php(507): CodeIgniter\CodeIgniter->runController(Object(App\Controllers\UserController))
 6 SYSTEMPATH\CodeIgniter.php(354): CodeIgniter\CodeIgniter->handleRequest(null, Object(Config\Cache), false)
 7 SYSTEMPATH\Boot.php(363): CodeIgniter\CodeIgniter->run()
 8 SYSTEMPATH\Boot.php(68): CodeIgniter\Boot::runCodeIgniter(Object(CodeIgniter\CodeIgniter))
 9 FCPATH\index.php(59): CodeIgniter\Boot::bootWeb(Object(Config\Paths))
10 SYSTEMPATH\rewrite.php(44): require_once('C:\\xampp\\htdocs\\Gestion-Bibliotheque\\public\\index.php')
CRITICAL - 2025-09-11 23:04:51 --> CodeIgniter\View\Exceptions\ViewException: Invalid file: "user/profile.php"
[Method: GET, Route: profile]
in SYSTEMPATH\Exceptions\FrameworkException.php on line 39.
 1 SYSTEMPATH\View\View.php(214): CodeIgniter\Exceptions\FrameworkException::forInvalidFile('user/profile.php')
 2 SYSTEMPATH\Common.php(1167): CodeIgniter\View\View->render('user/profile', [], true)
 3 APPPATH\Controllers\UserController.php(176): view('user/profile', [...])
 4 SYSTEMPATH\CodeIgniter.php(933): App\Controllers\UserController->profile()
 5 SYSTEMPATH\CodeIgniter.php(507): CodeIgniter\CodeIgniter->runController(Object(App\Controllers\UserController))
 6 SYSTEMPATH\CodeIgniter.php(354): CodeIgniter\CodeIgniter->handleRequest(null, Object(Config\Cache), false)
 7 SYSTEMPATH\Boot.php(363): CodeIgniter\CodeIgniter->run()
 8 SYSTEMPATH\Boot.php(68): CodeIgniter\Boot::runCodeIgniter(Object(CodeIgniter\CodeIgniter))
 9 FCPATH\index.php(59): CodeIgniter\Boot::bootWeb(Object(Config\Paths))
10 SYSTEMPATH\rewrite.php(44): require_once('C:\\xampp\\htdocs\\Gestion-Bibliotheque\\public\\index.php')
CRITICAL - 2025-09-11 23:04:52 --> CodeIgniter\View\Exceptions\ViewException: Invalid file: "user/profile.php"
[Method: GET, Route: profile]
in SYSTEMPATH\Exceptions\FrameworkException.php on line 39.
 1 SYSTEMPATH\View\View.php(214): CodeIgniter\Exceptions\FrameworkException::forInvalidFile('user/profile.php')
 2 SYSTEMPATH\Common.php(1167): CodeIgniter\View\View->render('user/profile', [], true)
 3 APPPATH\Controllers\UserController.php(176): view('user/profile', [...])
 4 SYSTEMPATH\CodeIgniter.php(933): App\Controllers\UserController->profile()
 5 SYSTEMPATH\CodeIgniter.php(507): CodeIgniter\CodeIgniter->runController(Object(App\Controllers\UserController))
 6 SYSTEMPATH\CodeIgniter.php(354): CodeIgniter\CodeIgniter->handleRequest(null, Object(Config\Cache), false)
 7 SYSTEMPATH\Boot.php(363): CodeIgniter\CodeIgniter->run()
 8 SYSTEMPATH\Boot.php(68): CodeIgniter\Boot::runCodeIgniter(Object(CodeIgniter\CodeIgniter))
 9 FCPATH\index.php(59): CodeIgniter\Boot::bootWeb(Object(Config\Paths))
10 SYSTEMPATH\rewrite.php(44): require_once('C:\\xampp\\htdocs\\Gestion-Bibliotheque\\public\\index.php')
CRITICAL - 2025-09-11 23:13:00 --> CodeIgniter\View\Exceptions\ViewException: Invalid file: "user/my_books.php"
[Method: GET, Route: my-books]
in SYSTEMPATH\Exceptions\FrameworkException.php on line 39.
 1 SYSTEMPATH\View\View.php(214): CodeIgniter\Exceptions\FrameworkException::forInvalidFile('user/my_books.php')
 2 SYSTEMPATH\Common.php(1167): CodeIgniter\View\View->render('user/my_books', [], true)
 3 APPPATH\Controllers\UserController.php(202): view('user/my_books', [...])
 4 SYSTEMPATH\CodeIgniter.php(933): App\Controllers\UserController->myBooks()
 5 SYSTEMPATH\CodeIgniter.php(507): CodeIgniter\CodeIgniter->runController(Object(App\Controllers\UserController))
 6 SYSTEMPATH\CodeIgniter.php(354): CodeIgniter\CodeIgniter->handleRequest(null, Object(Config\Cache), false)
 7 SYSTEMPATH\Boot.php(363): CodeIgniter\CodeIgniter->run()
 8 SYSTEMPATH\Boot.php(68): CodeIgniter\Boot::runCodeIgniter(Object(CodeIgniter\CodeIgniter))
 9 FCPATH\index.php(59): CodeIgniter\Boot::bootWeb(Object(Config\Paths))
10 SYSTEMPATH\rewrite.php(44): require_once('C:\\xampp\\htdocs\\Gestion-Bibliotheque\\public\\index.php')
CRITICAL - 2025-09-11 23:13:12 --> CodeIgniter\View\Exceptions\ViewException: Invalid file: "user/my_books.php"
[Method: GET, Route: my-books]
in SYSTEMPATH\Exceptions\FrameworkException.php on line 39.
 1 SYSTEMPATH\View\View.php(214): CodeIgniter\Exceptions\FrameworkException::forInvalidFile('user/my_books.php')
 2 SYSTEMPATH\Common.php(1167): CodeIgniter\View\View->render('user/my_books', [], true)
 3 APPPATH\Controllers\UserController.php(202): view('user/my_books', [...])
 4 SYSTEMPATH\CodeIgniter.php(933): App\Controllers\UserController->myBooks()
 5 SYSTEMPATH\CodeIgniter.php(507): CodeIgniter\CodeIgniter->runController(Object(App\Controllers\UserController))
 6 SYSTEMPATH\CodeIgniter.php(354): CodeIgniter\CodeIgniter->handleRequest(null, Object(Config\Cache), false)
 7 SYSTEMPATH\Boot.php(363): CodeIgniter\CodeIgniter->run()
 8 SYSTEMPATH\Boot.php(68): CodeIgniter\Boot::runCodeIgniter(Object(CodeIgniter\CodeIgniter))
 9 FCPATH\index.php(59): CodeIgniter\Boot::bootWeb(Object(Config\Paths))
10 SYSTEMPATH\rewrite.php(44): require_once('C:\\xampp\\htdocs\\Gestion-Bibliotheque\\public\\index.php')
CRITICAL - 2025-09-11 23:16:44 --> ArgumentCountError: Too few arguments to function App\Controllers\UserController::viewLoan(), 0 passed in C:\xampp\htdocs\Gestion-Bibliotheque\system\CodeIgniter.php on line 933 and exactly 1 expected
[Method: GET, Route: my-books]
in APPPATH\Controllers\UserController.php on line 118.
 1 SYSTEMPATH\CodeIgniter.php(933): App\Controllers\UserController->viewLoan()
 2 SYSTEMPATH\CodeIgniter.php(507): CodeIgniter\CodeIgniter->runController(Object(App\Controllers\UserController))
 3 SYSTEMPATH\CodeIgniter.php(354): CodeIgniter\CodeIgniter->handleRequest(null, Object(Config\Cache), false)
 4 SYSTEMPATH\Boot.php(363): CodeIgniter\CodeIgniter->run()
 5 SYSTEMPATH\Boot.php(68): CodeIgniter\Boot::runCodeIgniter(Object(CodeIgniter\CodeIgniter))
 6 FCPATH\index.php(59): CodeIgniter\Boot::bootWeb(Object(Config\Paths))
 7 SYSTEMPATH\rewrite.php(44): require_once('C:\\xampp\\htdocs\\Gestion-Bibliotheque\\public\\index.php')
CRITICAL - 2025-09-11 23:16:45 --> ArgumentCountError: Too few arguments to function App\Controllers\UserController::viewLoan(), 0 passed in C:\xampp\htdocs\Gestion-Bibliotheque\system\CodeIgniter.php on line 933 and exactly 1 expected
[Method: GET, Route: my-books]
in APPPATH\Controllers\UserController.php on line 118.
 1 SYSTEMPATH\CodeIgniter.php(933): App\Controllers\UserController->viewLoan()
 2 SYSTEMPATH\CodeIgniter.php(507): CodeIgniter\CodeIgniter->runController(Object(App\Controllers\UserController))
 3 SYSTEMPATH\CodeIgniter.php(354): CodeIgniter\CodeIgniter->handleRequest(null, Object(Config\Cache), false)
 4 SYSTEMPATH\Boot.php(363): CodeIgniter\CodeIgniter->run()
 5 SYSTEMPATH\Boot.php(68): CodeIgniter\Boot::runCodeIgniter(Object(CodeIgniter\CodeIgniter))
 6 FCPATH\index.php(59): CodeIgniter\Boot::bootWeb(Object(Config\Paths))
 7 SYSTEMPATH\rewrite.php(44): require_once('C:\\xampp\\htdocs\\Gestion-Bibliotheque\\public\\index.php')
CRITICAL - 2025-09-11 23:16:51 --> ArgumentCountError: Too few arguments to function App\Controllers\UserController::viewLoan(), 0 passed in C:\xampp\htdocs\Gestion-Bibliotheque\system\CodeIgniter.php on line 933 and exactly 1 expected
[Method: GET, Route: my-books]
in APPPATH\Controllers\UserController.php on line 118.
 1 SYSTEMPATH\CodeIgniter.php(933): App\Controllers\UserController->viewLoan()
 2 SYSTEMPATH\CodeIgniter.php(507): CodeIgniter\CodeIgniter->runController(Object(App\Controllers\UserController))
 3 SYSTEMPATH\CodeIgniter.php(354): CodeIgniter\CodeIgniter->handleRequest(null, Object(Config\Cache), false)
 4 SYSTEMPATH\Boot.php(363): CodeIgniter\CodeIgniter->run()
 5 SYSTEMPATH\Boot.php(68): CodeIgniter\Boot::runCodeIgniter(Object(CodeIgniter\CodeIgniter))
 6 FCPATH\index.php(59): CodeIgniter\Boot::bootWeb(Object(Config\Paths))
 7 SYSTEMPATH\rewrite.php(44): require_once('C:\\xampp\\htdocs\\Gestion-Bibliotheque\\public\\index.php')
CRITICAL - 2025-09-11 23:22:43 --> ErrorException: Undefined array key "status"
[Method: GET, Route: books]
in APPPATH\Views\user\sidebar.php on line 9.
 1 APPPATH\Views\user\sidebar.php(9): CodeIgniter\Debug\Exceptions->errorHandler(2, 'Undefined array key "status"', 'C:\\xampp\\htdocs\\Gestion-Bibliotheque\\app\\Views\\user\\sidebar.php', 9)
 2 SYSTEMPATH\View\View.php(226): include('C:\\xampp\\htdocs\\Gestion-Bibliotheque\\app\\Views\\user\\sidebar.php')
 3 SYSTEMPATH\View\View.php(229): CodeIgniter\View\View->CodeIgniter\View\{closure}()
 4 SYSTEMPATH\View\View.php(475): CodeIgniter\View\View->render('user/sidebar', null, true)
 5 APPPATH\Views\user\books.php(7): CodeIgniter\View\View->include('user/sidebar')
 6 SYSTEMPATH\View\View.php(226): include('C:\\xampp\\htdocs\\Gestion-Bibliotheque\\app\\Views\\user\\books.php')
 7 SYSTEMPATH\View\View.php(229): CodeIgniter\View\View->CodeIgniter\View\{closure}()
 8 SYSTEMPATH\Common.php(1167): CodeIgniter\View\View->render('user/books', [], true)
 9 APPPATH\Controllers\UserController.php(89): view('user/books', [...])
10 SYSTEMPATH\CodeIgniter.php(933): App\Controllers\UserController->books()
11 SYSTEMPATH\CodeIgniter.php(507): CodeIgniter\CodeIgniter->runController(Object(App\Controllers\UserController))
12 SYSTEMPATH\CodeIgniter.php(354): CodeIgniter\CodeIgniter->handleRequest(null, Object(Config\Cache), false)
13 SYSTEMPATH\Boot.php(363): CodeIgniter\CodeIgniter->run()
14 SYSTEMPATH\Boot.php(68): CodeIgniter\Boot::runCodeIgniter(Object(CodeIgniter\CodeIgniter))
15 FCPATH\index.php(59): CodeIgniter\Boot::bootWeb(Object(Config\Paths))
16 SYSTEMPATH\rewrite.php(44): require_once('C:\\xampp\\htdocs\\Gestion-Bibliotheque\\public\\index.php')
CRITICAL - 2025-09-11 23:22:43 --> ErrorException: Undefined array key "status"
[Method: GET, Route: books]
in APPPATH\Views\user\sidebar.php on line 9.
 1 APPPATH\Views\user\sidebar.php(9): CodeIgniter\Debug\Exceptions->errorHandler(2, 'Undefined array key "status"', 'C:\\xampp\\htdocs\\Gestion-Bibliotheque\\app\\Views\\user\\sidebar.php', 9)
 2 SYSTEMPATH\View\View.php(226): include('C:\\xampp\\htdocs\\Gestion-Bibliotheque\\app\\Views\\user\\sidebar.php')
 3 SYSTEMPATH\View\View.php(229): CodeIgniter\View\View->CodeIgniter\View\{closure}()
 4 SYSTEMPATH\View\View.php(475): CodeIgniter\View\View->render('user/sidebar', null, true)
 5 APPPATH\Views\user\books.php(7): CodeIgniter\View\View->include('user/sidebar')
 6 SYSTEMPATH\View\View.php(226): include('C:\\xampp\\htdocs\\Gestion-Bibliotheque\\app\\Views\\user\\books.php')
 7 SYSTEMPATH\View\View.php(229): CodeIgniter\View\View->CodeIgniter\View\{closure}()
 8 SYSTEMPATH\Common.php(1167): CodeIgniter\View\View->render('user/books', [], true)
 9 APPPATH\Controllers\UserController.php(89): view('user/books', [...])
10 SYSTEMPATH\CodeIgniter.php(933): App\Controllers\UserController->books()
11 SYSTEMPATH\CodeIgniter.php(507): CodeIgniter\CodeIgniter->runController(Object(App\Controllers\UserController))
12 SYSTEMPATH\CodeIgniter.php(354): CodeIgniter\CodeIgniter->handleRequest(null, Object(Config\Cache), false)
13 SYSTEMPATH\Boot.php(363): CodeIgniter\CodeIgniter->run()
14 SYSTEMPATH\Boot.php(68): CodeIgniter\Boot::runCodeIgniter(Object(CodeIgniter\CodeIgniter))
15 FCPATH\index.php(59): CodeIgniter\Boot::bootWeb(Object(Config\Paths))
16 SYSTEMPATH\rewrite.php(44): require_once('C:\\xampp\\htdocs\\Gestion-Bibliotheque\\public\\index.php')
CRITICAL - 2025-09-11 23:24:56 --> ErrorException: Undefined array key "status"
[Method: GET, Route: books]
in APPPATH\Views\user\sidebar.php on line 9.
 1 APPPATH\Views\user\sidebar.php(9): CodeIgniter\Debug\Exceptions->errorHandler(2, 'Undefined array key "status"', 'C:\\xampp\\htdocs\\Gestion-Bibliotheque\\app\\Views\\user\\sidebar.php', 9)
 2 SYSTEMPATH\View\View.php(226): include('C:\\xampp\\htdocs\\Gestion-Bibliotheque\\app\\Views\\user\\sidebar.php')
 3 SYSTEMPATH\View\View.php(229): CodeIgniter\View\View->CodeIgniter\View\{closure}()
 4 SYSTEMPATH\View\View.php(475): CodeIgniter\View\View->render('user/sidebar', null, true)
 5 APPPATH\Views\user\books.php(7): CodeIgniter\View\View->include('user/sidebar')
 6 SYSTEMPATH\View\View.php(226): include('C:\\xampp\\htdocs\\Gestion-Bibliotheque\\app\\Views\\user\\books.php')
 7 SYSTEMPATH\View\View.php(229): CodeIgniter\View\View->CodeIgniter\View\{closure}()
 8 SYSTEMPATH\Common.php(1167): CodeIgniter\View\View->render('user/books', [], true)
 9 APPPATH\Controllers\UserController.php(89): view('user/books', [...])
10 SYSTEMPATH\CodeIgniter.php(933): App\Controllers\UserController->books()
11 SYSTEMPATH\CodeIgniter.php(507): CodeIgniter\CodeIgniter->runController(Object(App\Controllers\UserController))
12 SYSTEMPATH\CodeIgniter.php(354): CodeIgniter\CodeIgniter->handleRequest(null, Object(Config\Cache), false)
13 SYSTEMPATH\Boot.php(363): CodeIgniter\CodeIgniter->run()
14 SYSTEMPATH\Boot.php(68): CodeIgniter\Boot::runCodeIgniter(Object(CodeIgniter\CodeIgniter))
15 FCPATH\index.php(59): CodeIgniter\Boot::bootWeb(Object(Config\Paths))
16 SYSTEMPATH\rewrite.php(44): require_once('C:\\xampp\\htdocs\\Gestion-Bibliotheque\\public\\index.php')
CRITICAL - 2025-09-11 23:24:57 --> ErrorException: Undefined array key "status"
[Method: GET, Route: books]
in APPPATH\Views\user\sidebar.php on line 9.
 1 APPPATH\Views\user\sidebar.php(9): CodeIgniter\Debug\Exceptions->errorHandler(2, 'Undefined array key "status"', 'C:\\xampp\\htdocs\\Gestion-Bibliotheque\\app\\Views\\user\\sidebar.php', 9)
 2 SYSTEMPATH\View\View.php(226): include('C:\\xampp\\htdocs\\Gestion-Bibliotheque\\app\\Views\\user\\sidebar.php')
 3 SYSTEMPATH\View\View.php(229): CodeIgniter\View\View->CodeIgniter\View\{closure}()
 4 SYSTEMPATH\View\View.php(475): CodeIgniter\View\View->render('user/sidebar', null, true)
 5 APPPATH\Views\user\books.php(7): CodeIgniter\View\View->include('user/sidebar')
 6 SYSTEMPATH\View\View.php(226): include('C:\\xampp\\htdocs\\Gestion-Bibliotheque\\app\\Views\\user\\books.php')
 7 SYSTEMPATH\View\View.php(229): CodeIgniter\View\View->CodeIgniter\View\{closure}()
 8 SYSTEMPATH\Common.php(1167): CodeIgniter\View\View->render('user/books', [], true)
 9 APPPATH\Controllers\UserController.php(89): view('user/books', [...])
10 SYSTEMPATH\CodeIgniter.php(933): App\Controllers\UserController->books()
11 SYSTEMPATH\CodeIgniter.php(507): CodeIgniter\CodeIgniter->runController(Object(App\Controllers\UserController))
12 SYSTEMPATH\CodeIgniter.php(354): CodeIgniter\CodeIgniter->handleRequest(null, Object(Config\Cache), false)
13 SYSTEMPATH\Boot.php(363): CodeIgniter\CodeIgniter->run()
14 SYSTEMPATH\Boot.php(68): CodeIgniter\Boot::runCodeIgniter(Object(CodeIgniter\CodeIgniter))
15 FCPATH\index.php(59): CodeIgniter\Boot::bootWeb(Object(Config\Paths))
16 SYSTEMPATH\rewrite.php(44): require_once('C:\\xampp\\htdocs\\Gestion-Bibliotheque\\public\\index.php')
CRITICAL - 2025-09-11 23:25:28 --> CodeIgniter\View\Exceptions\ViewException: Invalid file: "user/my_books.php"
[Method: GET, Route: my-books]
in SYSTEMPATH\Exceptions\FrameworkException.php on line 39.
 1 SYSTEMPATH\View\View.php(214): CodeIgniter\Exceptions\FrameworkException::forInvalidFile('user/my_books.php')
 2 SYSTEMPATH\Common.php(1167): CodeIgniter\View\View->render('user/my_books', [], true)
 3 APPPATH\Controllers\UserController.php(202): view('user/my_books', [...])
 4 SYSTEMPATH\CodeIgniter.php(933): App\Controllers\UserController->myBooks()
 5 SYSTEMPATH\CodeIgniter.php(507): CodeIgniter\CodeIgniter->runController(Object(App\Controllers\UserController))
 6 SYSTEMPATH\CodeIgniter.php(354): CodeIgniter\CodeIgniter->handleRequest(null, Object(Config\Cache), false)
 7 SYSTEMPATH\Boot.php(363): CodeIgniter\CodeIgniter->run()
 8 SYSTEMPATH\Boot.php(68): CodeIgniter\Boot::runCodeIgniter(Object(CodeIgniter\CodeIgniter))
 9 FCPATH\index.php(59): CodeIgniter\Boot::bootWeb(Object(Config\Paths))
10 SYSTEMPATH\rewrite.php(44): require_once('C:\\xampp\\htdocs\\Gestion-Bibliotheque\\public\\index.php')
CRITICAL - 2025-09-11 23:42:44 --> CodeIgniter\View\Exceptions\ViewException: Invalid file: "layout.php"
[Method: GET, Route: dashboard]
in SYSTEMPATH\Exceptions\FrameworkException.php on line 39.
 1 SYSTEMPATH\View\View.php(214): CodeIgniter\Exceptions\FrameworkException::forInvalidFile('layout.php')
 2 SYSTEMPATH\View\View.php(242): CodeIgniter\View\View->render('layout', [], true)
 3 SYSTEMPATH\Common.php(1167): CodeIgniter\View\View->render('user/dashboard', [], true)
 4 APPPATH\Controllers\UserController.php(68): view('user/dashboard', [...])
 5 SYSTEMPATH\CodeIgniter.php(933): App\Controllers\UserController->dashboard()
 6 SYSTEMPATH\CodeIgniter.php(507): CodeIgniter\CodeIgniter->runController(Object(App\Controllers\UserController))
 7 SYSTEMPATH\CodeIgniter.php(354): CodeIgniter\CodeIgniter->handleRequest(null, Object(Config\Cache), false)
 8 SYSTEMPATH\Boot.php(363): CodeIgniter\CodeIgniter->run()
 9 SYSTEMPATH\Boot.php(68): CodeIgniter\Boot::runCodeIgniter(Object(CodeIgniter\CodeIgniter))
10 FCPATH\index.php(59): CodeIgniter\Boot::bootWeb(Object(Config\Paths))
11 SYSTEMPATH\rewrite.php(44): require_once('C:\\xampp\\htdocs\\Gestion-Bibliotheque\\public\\index.php')
CRITICAL - 2025-09-11 23:42:45 --> CodeIgniter\View\Exceptions\ViewException: Invalid file: "layout.php"
[Method: GET, Route: dashboard]
in SYSTEMPATH\Exceptions\FrameworkException.php on line 39.
 1 SYSTEMPATH\View\View.php(214): CodeIgniter\Exceptions\FrameworkException::forInvalidFile('layout.php')
 2 SYSTEMPATH\View\View.php(242): CodeIgniter\View\View->render('layout', [], true)
 3 SYSTEMPATH\Common.php(1167): CodeIgniter\View\View->render('user/dashboard', [], true)
 4 APPPATH\Controllers\UserController.php(68): view('user/dashboard', [...])
 5 SYSTEMPATH\CodeIgniter.php(933): App\Controllers\UserController->dashboard()
 6 SYSTEMPATH\CodeIgniter.php(507): CodeIgniter\CodeIgniter->runController(Object(App\Controllers\UserController))
 7 SYSTEMPATH\CodeIgniter.php(354): CodeIgniter\CodeIgniter->handleRequest(null, Object(Config\Cache), false)
 8 SYSTEMPATH\Boot.php(363): CodeIgniter\CodeIgniter->run()
 9 SYSTEMPATH\Boot.php(68): CodeIgniter\Boot::runCodeIgniter(Object(CodeIgniter\CodeIgniter))
10 FCPATH\index.php(59): CodeIgniter\Boot::bootWeb(Object(Config\Paths))
11 SYSTEMPATH\rewrite.php(44): require_once('C:\\xampp\\htdocs\\Gestion-Bibliotheque\\public\\index.php')
CRITICAL - 2025-09-11 23:45:43 --> CodeIgniter\View\Exceptions\ViewException: Invalid file: "user/my_books.php"
[Method: GET, Route: my-books]
in SYSTEMPATH\Exceptions\FrameworkException.php on line 39.
 1 SYSTEMPATH\View\View.php(214): CodeIgniter\Exceptions\FrameworkException::forInvalidFile('user/my_books.php')
 2 SYSTEMPATH\Common.php(1167): CodeIgniter\View\View->render('user/my_books', [], true)
 3 APPPATH\Controllers\UserController.php(202): view('user/my_books', [...])
 4 SYSTEMPATH\CodeIgniter.php(933): App\Controllers\UserController->myBooks()
 5 SYSTEMPATH\CodeIgniter.php(507): CodeIgniter\CodeIgniter->runController(Object(App\Controllers\UserController))
 6 SYSTEMPATH\CodeIgniter.php(354): CodeIgniter\CodeIgniter->handleRequest(null, Object(Config\Cache), false)
 7 SYSTEMPATH\Boot.php(363): CodeIgniter\CodeIgniter->run()
 8 SYSTEMPATH\Boot.php(68): CodeIgniter\Boot::runCodeIgniter(Object(CodeIgniter\CodeIgniter))
 9 FCPATH\index.php(59): CodeIgniter\Boot::bootWeb(Object(Config\Paths))
10 SYSTEMPATH\rewrite.php(44): require_once('C:\\xampp\\htdocs\\Gestion-Bibliotheque\\public\\index.php')
CRITICAL - 2025-09-11 23:46:13 --> CodeIgniter\View\Exceptions\ViewException: Invalid file: "user/my_books.php"
[Method: GET, Route: my-books]
in SYSTEMPATH\Exceptions\FrameworkException.php on line 39.
 1 SYSTEMPATH\View\View.php(214): CodeIgniter\Exceptions\FrameworkException::forInvalidFile('user/my_books.php')
 2 SYSTEMPATH\Common.php(1167): CodeIgniter\View\View->render('user/my_books', [], true)
 3 APPPATH\Controllers\UserController.php(202): view('user/my_books', [...])
 4 SYSTEMPATH\CodeIgniter.php(933): App\Controllers\UserController->myBooks()
 5 SYSTEMPATH\CodeIgniter.php(507): CodeIgniter\CodeIgniter->runController(Object(App\Controllers\UserController))
 6 SYSTEMPATH\CodeIgniter.php(354): CodeIgniter\CodeIgniter->handleRequest(null, Object(Config\Cache), false)
 7 SYSTEMPATH\Boot.php(363): CodeIgniter\CodeIgniter->run()
 8 SYSTEMPATH\Boot.php(68): CodeIgniter\Boot::runCodeIgniter(Object(CodeIgniter\CodeIgniter))
 9 FCPATH\index.php(59): CodeIgniter\Boot::bootWeb(Object(Config\Paths))
10 SYSTEMPATH\rewrite.php(44): require_once('C:\\xampp\\htdocs\\Gestion-Bibliotheque\\public\\index.php')
CRITICAL - 2025-09-11 23:46:13 --> CodeIgniter\View\Exceptions\ViewException: Invalid file: "user/my_books.php"
[Method: GET, Route: my-books]
in SYSTEMPATH\Exceptions\FrameworkException.php on line 39.
 1 SYSTEMPATH\View\View.php(214): CodeIgniter\Exceptions\FrameworkException::forInvalidFile('user/my_books.php')
 2 SYSTEMPATH\Common.php(1167): CodeIgniter\View\View->render('user/my_books', [], true)
 3 APPPATH\Controllers\UserController.php(202): view('user/my_books', [...])
 4 SYSTEMPATH\CodeIgniter.php(933): App\Controllers\UserController->myBooks()
 5 SYSTEMPATH\CodeIgniter.php(507): CodeIgniter\CodeIgniter->runController(Object(App\Controllers\UserController))
 6 SYSTEMPATH\CodeIgniter.php(354): CodeIgniter\CodeIgniter->handleRequest(null, Object(Config\Cache), false)
 7 SYSTEMPATH\Boot.php(363): CodeIgniter\CodeIgniter->run()
 8 SYSTEMPATH\Boot.php(68): CodeIgniter\Boot::runCodeIgniter(Object(CodeIgniter\CodeIgniter))
 9 FCPATH\index.php(59): CodeIgniter\Boot::bootWeb(Object(Config\Paths))
10 SYSTEMPATH\rewrite.php(44): require_once('C:\\xampp\\htdocs\\Gestion-Bibliotheque\\public\\index.php')
CRITICAL - 2025-09-11 23:46:55 --> CodeIgniter\View\Exceptions\ViewException: Invalid file: "layout.php"
[Method: GET, Route: books]
in SYSTEMPATH\Exceptions\FrameworkException.php on line 39.
 1 SYSTEMPATH\View\View.php(214): CodeIgniter\Exceptions\FrameworkException::forInvalidFile('layout.php')
 2 SYSTEMPATH\View\View.php(242): CodeIgniter\View\View->render('layout', [], true)
 3 SYSTEMPATH\Common.php(1167): CodeIgniter\View\View->render('user/books', [], true)
 4 APPPATH\Controllers\UserController.php(89): view('user/books', [...])
 5 SYSTEMPATH\CodeIgniter.php(933): App\Controllers\UserController->books()
 6 SYSTEMPATH\CodeIgniter.php(507): CodeIgniter\CodeIgniter->runController(Object(App\Controllers\UserController))
 7 SYSTEMPATH\CodeIgniter.php(354): CodeIgniter\CodeIgniter->handleRequest(null, Object(Config\Cache), false)
 8 SYSTEMPATH\Boot.php(363): CodeIgniter\CodeIgniter->run()
 9 SYSTEMPATH\Boot.php(68): CodeIgniter\Boot::runCodeIgniter(Object(CodeIgniter\CodeIgniter))
10 FCPATH\index.php(59): CodeIgniter\Boot::bootWeb(Object(Config\Paths))
11 SYSTEMPATH\rewrite.php(44): require_once('C:\\xampp\\htdocs\\Gestion-Bibliotheque\\public\\index.php')
CRITICAL - 2025-09-11 23:46:57 --> CodeIgniter\View\Exceptions\ViewException: Invalid file: "layout.php"
[Method: GET, Route: books]
in SYSTEMPATH\Exceptions\FrameworkException.php on line 39.
 1 SYSTEMPATH\View\View.php(214): CodeIgniter\Exceptions\FrameworkException::forInvalidFile('layout.php')
 2 SYSTEMPATH\View\View.php(242): CodeIgniter\View\View->render('layout', [], true)
 3 SYSTEMPATH\Common.php(1167): CodeIgniter\View\View->render('user/books', [], true)
 4 APPPATH\Controllers\UserController.php(89): view('user/books', [...])
 5 SYSTEMPATH\CodeIgniter.php(933): App\Controllers\UserController->books()
 6 SYSTEMPATH\CodeIgniter.php(507): CodeIgniter\CodeIgniter->runController(Object(App\Controllers\UserController))
 7 SYSTEMPATH\CodeIgniter.php(354): CodeIgniter\CodeIgniter->handleRequest(null, Object(Config\Cache), false)
 8 SYSTEMPATH\Boot.php(363): CodeIgniter\CodeIgniter->run()
 9 SYSTEMPATH\Boot.php(68): CodeIgniter\Boot::runCodeIgniter(Object(CodeIgniter\CodeIgniter))
10 FCPATH\index.php(59): CodeIgniter\Boot::bootWeb(Object(Config\Paths))
11 SYSTEMPATH\rewrite.php(44): require_once('C:\\xampp\\htdocs\\Gestion-Bibliotheque\\public\\index.php')
CRITICAL - 2025-09-11 23:47:01 --> CodeIgniter\View\Exceptions\ViewException: Invalid file: "layout.php"
[Method: GET, Route: books]
in SYSTEMPATH\Exceptions\FrameworkException.php on line 39.
 1 SYSTEMPATH\View\View.php(214): CodeIgniter\Exceptions\FrameworkException::forInvalidFile('layout.php')
 2 SYSTEMPATH\View\View.php(242): CodeIgniter\View\View->render('layout', [], true)
 3 SYSTEMPATH\Common.php(1167): CodeIgniter\View\View->render('user/books', [], true)
 4 APPPATH\Controllers\UserController.php(89): view('user/books', [...])
 5 SYSTEMPATH\CodeIgniter.php(933): App\Controllers\UserController->books()
 6 SYSTEMPATH\CodeIgniter.php(507): CodeIgniter\CodeIgniter->runController(Object(App\Controllers\UserController))
 7 SYSTEMPATH\CodeIgniter.php(354): CodeIgniter\CodeIgniter->handleRequest(null, Object(Config\Cache), false)
 8 SYSTEMPATH\Boot.php(363): CodeIgniter\CodeIgniter->run()
 9 SYSTEMPATH\Boot.php(68): CodeIgniter\Boot::runCodeIgniter(Object(CodeIgniter\CodeIgniter))
10 FCPATH\index.php(59): CodeIgniter\Boot::bootWeb(Object(Config\Paths))
11 SYSTEMPATH\rewrite.php(44): require_once('C:\\xampp\\htdocs\\Gestion-Bibliotheque\\public\\index.php')
CRITICAL - 2025-09-11 23:55:34 --> CodeIgniter\View\Exceptions\ViewException: Invalid file: "user/my_books.php"
[Method: GET, Route: my-books]
in SYSTEMPATH\Exceptions\FrameworkException.php on line 39.
 1 SYSTEMPATH\View\View.php(214): CodeIgniter\Exceptions\FrameworkException::forInvalidFile('user/my_books.php')
 2 SYSTEMPATH\Common.php(1167): CodeIgniter\View\View->render('user/my_books', [], true)
 3 APPPATH\Controllers\UserController.php(202): view('user/my_books', [...])
 4 SYSTEMPATH\CodeIgniter.php(933): App\Controllers\UserController->myBooks()
 5 SYSTEMPATH\CodeIgniter.php(507): CodeIgniter\CodeIgniter->runController(Object(App\Controllers\UserController))
 6 SYSTEMPATH\CodeIgniter.php(354): CodeIgniter\CodeIgniter->handleRequest(null, Object(Config\Cache), false)
 7 SYSTEMPATH\Boot.php(363): CodeIgniter\CodeIgniter->run()
 8 SYSTEMPATH\Boot.php(68): CodeIgniter\Boot::runCodeIgniter(Object(CodeIgniter\CodeIgniter))
 9 FCPATH\index.php(59): CodeIgniter\Boot::bootWeb(Object(Config\Paths))
10 SYSTEMPATH\rewrite.php(44): require_once('C:\\xampp\\htdocs\\Gestion-Bibliotheque\\public\\index.php')
CRITICAL - 2025-09-11 23:55:34 --> CodeIgniter\View\Exceptions\ViewException: Invalid file: "user/my_books.php"
[Method: GET, Route: my-books]
in SYSTEMPATH\Exceptions\FrameworkException.php on line 39.
 1 SYSTEMPATH\View\View.php(214): CodeIgniter\Exceptions\FrameworkException::forInvalidFile('user/my_books.php')
 2 SYSTEMPATH\Common.php(1167): CodeIgniter\View\View->render('user/my_books', [], true)
 3 APPPATH\Controllers\UserController.php(202): view('user/my_books', [...])
 4 SYSTEMPATH\CodeIgniter.php(933): App\Controllers\UserController->myBooks()
 5 SYSTEMPATH\CodeIgniter.php(507): CodeIgniter\CodeIgniter->runController(Object(App\Controllers\UserController))
 6 SYSTEMPATH\CodeIgniter.php(354): CodeIgniter\CodeIgniter->handleRequest(null, Object(Config\Cache), false)
 7 SYSTEMPATH\Boot.php(363): CodeIgniter\CodeIgniter->run()
 8 SYSTEMPATH\Boot.php(68): CodeIgniter\Boot::runCodeIgniter(Object(CodeIgniter\CodeIgniter))
 9 FCPATH\index.php(59): CodeIgniter\Boot::bootWeb(Object(Config\Paths))
10 SYSTEMPATH\rewrite.php(44): require_once('C:\\xampp\\htdocs\\Gestion-Bibliotheque\\public\\index.php')
CRITICAL - 2025-09-11 23:55:38 --> CodeIgniter\View\Exceptions\ViewException: Invalid file: "user/profile.php"
[Method: GET, Route: profile]
in SYSTEMPATH\Exceptions\FrameworkException.php on line 39.
 1 SYSTEMPATH\View\View.php(214): CodeIgniter\Exceptions\FrameworkException::forInvalidFile('user/profile.php')
 2 SYSTEMPATH\Common.php(1167): CodeIgniter\View\View->render('user/profile', [], true)
 3 APPPATH\Controllers\UserController.php(176): view('user/profile', [...])
 4 SYSTEMPATH\CodeIgniter.php(933): App\Controllers\UserController->profile()
 5 SYSTEMPATH\CodeIgniter.php(507): CodeIgniter\CodeIgniter->runController(Object(App\Controllers\UserController))
 6 SYSTEMPATH\CodeIgniter.php(354): CodeIgniter\CodeIgniter->handleRequest(null, Object(Config\Cache), false)
 7 SYSTEMPATH\Boot.php(363): CodeIgniter\CodeIgniter->run()
 8 SYSTEMPATH\Boot.php(68): CodeIgniter\Boot::runCodeIgniter(Object(CodeIgniter\CodeIgniter))
 9 FCPATH\index.php(59): CodeIgniter\Boot::bootWeb(Object(Config\Paths))
10 SYSTEMPATH\rewrite.php(44): require_once('C:\\xampp\\htdocs\\Gestion-Bibliotheque\\public\\index.php')
CRITICAL - 2025-09-11 23:55:38 --> CodeIgniter\View\Exceptions\ViewException: Invalid file: "user/profile.php"
[Method: GET, Route: profile]
in SYSTEMPATH\Exceptions\FrameworkException.php on line 39.
 1 SYSTEMPATH\View\View.php(214): CodeIgniter\Exceptions\FrameworkException::forInvalidFile('user/profile.php')
 2 SYSTEMPATH\Common.php(1167): CodeIgniter\View\View->render('user/profile', [], true)
 3 APPPATH\Controllers\UserController.php(176): view('user/profile', [...])
 4 SYSTEMPATH\CodeIgniter.php(933): App\Controllers\UserController->profile()
 5 SYSTEMPATH\CodeIgniter.php(507): CodeIgniter\CodeIgniter->runController(Object(App\Controllers\UserController))
 6 SYSTEMPATH\CodeIgniter.php(354): CodeIgniter\CodeIgniter->handleRequest(null, Object(Config\Cache), false)
 7 SYSTEMPATH\Boot.php(363): CodeIgniter\CodeIgniter->run()
 8 SYSTEMPATH\Boot.php(68): CodeIgniter\Boot::runCodeIgniter(Object(CodeIgniter\CodeIgniter))
 9 FCPATH\index.php(59): CodeIgniter\Boot::bootWeb(Object(Config\Paths))
10 SYSTEMPATH\rewrite.php(44): require_once('C:\\xampp\\htdocs\\Gestion-Bibliotheque\\public\\index.php')
CRITICAL - 2025-09-11 23:56:11 --> CodeIgniter\View\Exceptions\ViewException: Invalid file: "user/my_books.php"
[Method: GET, Route: my-books]
in SYSTEMPATH\Exceptions\FrameworkException.php on line 39.
 1 SYSTEMPATH\View\View.php(214): CodeIgniter\Exceptions\FrameworkException::forInvalidFile('user/my_books.php')
 2 SYSTEMPATH\Common.php(1167): CodeIgniter\View\View->render('user/my_books', [], true)
 3 APPPATH\Controllers\UserController.php(202): view('user/my_books', [...])
 4 SYSTEMPATH\CodeIgniter.php(933): App\Controllers\UserController->myBooks()
 5 SYSTEMPATH\CodeIgniter.php(507): CodeIgniter\CodeIgniter->runController(Object(App\Controllers\UserController))
 6 SYSTEMPATH\CodeIgniter.php(354): CodeIgniter\CodeIgniter->handleRequest(null, Object(Config\Cache), false)
 7 SYSTEMPATH\Boot.php(363): CodeIgniter\CodeIgniter->run()
 8 SYSTEMPATH\Boot.php(68): CodeIgniter\Boot::runCodeIgniter(Object(CodeIgniter\CodeIgniter))
 9 FCPATH\index.php(59): CodeIgniter\Boot::bootWeb(Object(Config\Paths))
10 SYSTEMPATH\rewrite.php(44): require_once('C:\\xampp\\htdocs\\Gestion-Bibliotheque\\public\\index.php')
CRITICAL - 2025-09-11 23:57:20 --> CodeIgniter\View\Exceptions\ViewException: Invalid file: "layout.php"
[Method: GET, Route: dashboard]
in SYSTEMPATH\Exceptions\FrameworkException.php on line 39.
 1 SYSTEMPATH\View\View.php(214): CodeIgniter\Exceptions\FrameworkException::forInvalidFile('layout.php')
 2 SYSTEMPATH\View\View.php(242): CodeIgniter\View\View->render('layout', [], true)
 3 SYSTEMPATH\Common.php(1167): CodeIgniter\View\View->render('user/dashboard', [], true)
 4 APPPATH\Controllers\UserController.php(68): view('user/dashboard', [...])
 5 SYSTEMPATH\CodeIgniter.php(933): App\Controllers\UserController->dashboard()
 6 SYSTEMPATH\CodeIgniter.php(507): CodeIgniter\CodeIgniter->runController(Object(App\Controllers\UserController))
 7 SYSTEMPATH\CodeIgniter.php(354): CodeIgniter\CodeIgniter->handleRequest(null, Object(Config\Cache), false)
 8 SYSTEMPATH\Boot.php(363): CodeIgniter\CodeIgniter->run()
 9 SYSTEMPATH\Boot.php(68): CodeIgniter\Boot::runCodeIgniter(Object(CodeIgniter\CodeIgniter))
10 FCPATH\index.php(59): CodeIgniter\Boot::bootWeb(Object(Config\Paths))
11 SYSTEMPATH\rewrite.php(44): require_once('C:\\xampp\\htdocs\\Gestion-Bibliotheque\\public\\index.php')
CRITICAL - 2025-09-11 23:57:21 --> CodeIgniter\View\Exceptions\ViewException: Invalid file: "layout.php"
[Method: GET, Route: dashboard]
in SYSTEMPATH\Exceptions\FrameworkException.php on line 39.
 1 SYSTEMPATH\View\View.php(214): CodeIgniter\Exceptions\FrameworkException::forInvalidFile('layout.php')
 2 SYSTEMPATH\View\View.php(242): CodeIgniter\View\View->render('layout', [], true)
 3 SYSTEMPATH\Common.php(1167): CodeIgniter\View\View->render('user/dashboard', [], true)
 4 APPPATH\Controllers\UserController.php(68): view('user/dashboard', [...])
 5 SYSTEMPATH\CodeIgniter.php(933): App\Controllers\UserController->dashboard()
 6 SYSTEMPATH\CodeIgniter.php(507): CodeIgniter\CodeIgniter->runController(Object(App\Controllers\UserController))
 7 SYSTEMPATH\CodeIgniter.php(354): CodeIgniter\CodeIgniter->handleRequest(null, Object(Config\Cache), false)
 8 SYSTEMPATH\Boot.php(363): CodeIgniter\CodeIgniter->run()
 9 SYSTEMPATH\Boot.php(68): CodeIgniter\Boot::runCodeIgniter(Object(CodeIgniter\CodeIgniter))
10 FCPATH\index.php(59): CodeIgniter\Boot::bootWeb(Object(Config\Paths))
11 SYSTEMPATH\rewrite.php(44): require_once('C:\\xampp\\htdocs\\Gestion-Bibliotheque\\public\\index.php')
CRITICAL - 2025-09-11 23:57:23 --> CodeIgniter\View\Exceptions\ViewException: Invalid file: "layout.php"
[Method: GET, Route: dashboard]
in SYSTEMPATH\Exceptions\FrameworkException.php on line 39.
 1 SYSTEMPATH\View\View.php(214): CodeIgniter\Exceptions\FrameworkException::forInvalidFile('layout.php')
 2 SYSTEMPATH\View\View.php(242): CodeIgniter\View\View->render('layout', [], true)
 3 SYSTEMPATH\Common.php(1167): CodeIgniter\View\View->render('user/dashboard', [], true)
 4 APPPATH\Controllers\UserController.php(68): view('user/dashboard', [...])
 5 SYSTEMPATH\CodeIgniter.php(933): App\Controllers\UserController->dashboard()
 6 SYSTEMPATH\CodeIgniter.php(507): CodeIgniter\CodeIgniter->runController(Object(App\Controllers\UserController))
 7 SYSTEMPATH\CodeIgniter.php(354): CodeIgniter\CodeIgniter->handleRequest(null, Object(Config\Cache), false)
 8 SYSTEMPATH\Boot.php(363): CodeIgniter\CodeIgniter->run()
 9 SYSTEMPATH\Boot.php(68): CodeIgniter\Boot::runCodeIgniter(Object(CodeIgniter\CodeIgniter))
10 FCPATH\index.php(59): CodeIgniter\Boot::bootWeb(Object(Config\Paths))
11 SYSTEMPATH\rewrite.php(44): require_once('C:\\xampp\\htdocs\\Gestion-Bibliotheque\\public\\index.php')
CRITICAL - 2025-09-11 23:59:40 --> CodeIgniter\View\Exceptions\ViewException: Invalid file: "user/my_books.php"
[Method: GET, Route: my-books]
in SYSTEMPATH\Exceptions\FrameworkException.php on line 39.
 1 SYSTEMPATH\View\View.php(214): CodeIgniter\Exceptions\FrameworkException::forInvalidFile('user/my_books.php')
 2 SYSTEMPATH\Common.php(1167): CodeIgniter\View\View->render('user/my_books', [], true)
 3 APPPATH\Controllers\UserController.php(202): view('user/my_books', [...])
 4 SYSTEMPATH\CodeIgniter.php(933): App\Controllers\UserController->myBooks()
 5 SYSTEMPATH\CodeIgniter.php(507): CodeIgniter\CodeIgniter->runController(Object(App\Controllers\UserController))
 6 SYSTEMPATH\CodeIgniter.php(354): CodeIgniter\CodeIgniter->handleRequest(null, Object(Config\Cache), false)
 7 SYSTEMPATH\Boot.php(363): CodeIgniter\CodeIgniter->run()
 8 SYSTEMPATH\Boot.php(68): CodeIgniter\Boot::runCodeIgniter(Object(CodeIgniter\CodeIgniter))
 9 FCPATH\index.php(59): CodeIgniter\Boot::bootWeb(Object(Config\Paths))
10 SYSTEMPATH\rewrite.php(44): require_once('C:\\xampp\\htdocs\\Gestion-Bibliotheque\\public\\index.php')
CRITICAL - 2025-09-11 23:59:41 --> CodeIgniter\View\Exceptions\ViewException: Invalid file: "user/my_books.php"
[Method: GET, Route: my-books]
in SYSTEMPATH\Exceptions\FrameworkException.php on line 39.
 1 SYSTEMPATH\View\View.php(214): CodeIgniter\Exceptions\FrameworkException::forInvalidFile('user/my_books.php')
 2 SYSTEMPATH\Common.php(1167): CodeIgniter\View\View->render('user/my_books', [], true)
 3 APPPATH\Controllers\UserController.php(202): view('user/my_books', [...])
 4 SYSTEMPATH\CodeIgniter.php(933): App\Controllers\UserController->myBooks()
 5 SYSTEMPATH\CodeIgniter.php(507): CodeIgniter\CodeIgniter->runController(Object(App\Controllers\UserController))
 6 SYSTEMPATH\CodeIgniter.php(354): CodeIgniter\CodeIgniter->handleRequest(null, Object(Config\Cache), false)
 7 SYSTEMPATH\Boot.php(363): CodeIgniter\CodeIgniter->run()
 8 SYSTEMPATH\Boot.php(68): CodeIgniter\Boot::runCodeIgniter(Object(CodeIgniter\CodeIgniter))
 9 FCPATH\index.php(59): CodeIgniter\Boot::bootWeb(Object(Config\Paths))
10 SYSTEMPATH\rewrite.php(44): require_once('C:\\xampp\\htdocs\\Gestion-Bibliotheque\\public\\index.php')
CRITICAL - 2025-09-11 23:59:47 --> CodeIgniter\View\Exceptions\ViewException: Invalid file: "user/my_books.php"
[Method: GET, Route: my-books]
in SYSTEMPATH\Exceptions\FrameworkException.php on line 39.
 1 SYSTEMPATH\View\View.php(214): CodeIgniter\Exceptions\FrameworkException::forInvalidFile('user/my_books.php')
 2 SYSTEMPATH\Common.php(1167): CodeIgniter\View\View->render('user/my_books', [], true)
 3 APPPATH\Controllers\UserController.php(202): view('user/my_books', [...])
 4 SYSTEMPATH\CodeIgniter.php(933): App\Controllers\UserController->myBooks()
 5 SYSTEMPATH\CodeIgniter.php(507): CodeIgniter\CodeIgniter->runController(Object(App\Controllers\UserController))
 6 SYSTEMPATH\CodeIgniter.php(354): CodeIgniter\CodeIgniter->handleRequest(null, Object(Config\Cache), false)
 7 SYSTEMPATH\Boot.php(363): CodeIgniter\CodeIgniter->run()
 8 SYSTEMPATH\Boot.php(68): CodeIgniter\Boot::runCodeIgniter(Object(CodeIgniter\CodeIgniter))
 9 FCPATH\index.php(59): CodeIgniter\Boot::bootWeb(Object(Config\Paths))
10 SYSTEMPATH\rewrite.php(44): require_once('C:\\xampp\\htdocs\\Gestion-Bibliotheque\\public\\index.php')
